2022-12-12 12:15:08 [development] error: Error
    at Query.run (F:\Projects\Javascript\hotel_management\node_modules\sequelize\lib\dialects\mysql\query.js:52:25)
    at F:\Projects\Javascript\hotel_management\node_modules\sequelize\lib\sequelize.js:311:28
    at processTicksAndRejections (internal/process/task_queues.js:93:5)
    at async MySQLQueryInterface.select (F:\Projects\Javascript\hotel_management\node_modules\sequelize\lib\dialects\abstract\query-interface.js:407:12)
    at async Function.findAll (F:\Projects\Javascript\hotel_management\node_modules\sequelize\lib\model.js:1134:21)
    at async handler (webpack-internal:///(api)/./pages/api/room/list.js:14:23)
    at async Object.apiResolver (F:\Projects\Javascript\hotel_management\node_modules\next\dist\server\api-utils\node.js:179:9)
    at async DevServer.runApi (F:\Projects\Javascript\hotel_management\node_modules\next\dist\server\next-server.js:381:9)
    at async Object.fn (F:\Projects\Javascript\hotel_management\node_modules\next\dist\server\base-server.js:500:37)
    at async Router.execute (F:\Projects\Javascript\hotel_management\node_modules\next\dist\server\router.js:213:36)
2022-12-12 12:16:39 [development] error: Error [ERR_HTTP_HEADERS_SENT]: Cannot set headers after they are sent to the client
    at ServerResponse.setHeader (_http_outgoing.js:558:11)
    at sendJson (F:\Projects\Javascript\hotel_management\node_modules\next\dist\server\api-utils\node.js:313:9)
    at ServerResponse.apiRes.json (F:\Projects\Javascript\hotel_management\node_modules\next\dist\server\api-utils\node.js:163:31)
    at handler (webpack-internal:///(api)/./pages/api/room/list.js:25:29)
    at processTicksAndRejections (internal/process/task_queues.js:93:5)
    at async Object.apiResolver (F:\Projects\Javascript\hotel_management\node_modules\next\dist\server\api-utils\node.js:179:9)
    at async DevServer.runApi (F:\Projects\Javascript\hotel_management\node_modules\next\dist\server\next-server.js:381:9)
    at async Object.fn (F:\Projects\Javascript\hotel_management\node_modules\next\dist\server\base-server.js:500:37)
    at async Router.execute (F:\Projects\Javascript\hotel_management\node_modules\next\dist\server\router.js:213:36)
    at async DevServer.run (F:\Projects\Javascript\hotel_management\node_modules\next\dist\server\base-server.js:619:29)
2022-12-12 12:16:44 [development] error: Error [ERR_HTTP_HEADERS_SENT]: Cannot set headers after they are sent to the client
    at ServerResponse.setHeader (_http_outgoing.js:558:11)
    at sendJson (F:\Projects\Javascript\hotel_management\node_modules\next\dist\server\api-utils\node.js:313:9)
    at ServerResponse.apiRes.json (F:\Projects\Javascript\hotel_management\node_modules\next\dist\server\api-utils\node.js:163:31)
    at handler (webpack-internal:///(api)/./pages/api/room/list.js:25:29)
    at processTicksAndRejections (internal/process/task_queues.js:93:5)
    at async Object.apiResolver (F:\Projects\Javascript\hotel_management\node_modules\next\dist\server\api-utils\node.js:179:9)
    at async DevServer.runApi (F:\Projects\Javascript\hotel_management\node_modules\next\dist\server\next-server.js:381:9)
    at async Object.fn (F:\Projects\Javascript\hotel_management\node_modules\next\dist\server\base-server.js:500:37)
    at async Router.execute (F:\Projects\Javascript\hotel_management\node_modules\next\dist\server\router.js:213:36)
    at async DevServer.run (F:\Projects\Javascript\hotel_management\node_modules\next\dist\server\base-server.js:619:29)
2022-12-12 12:17:11 [development] error: Error [ERR_HTTP_HEADERS_SENT]: Cannot set headers after they are sent to the client
    at ServerResponse.setHeader (_http_outgoing.js:558:11)
    at sendJson (F:\Projects\Javascript\hotel_management\node_modules\next\dist\server\api-utils\node.js:313:9)
    at ServerResponse.apiRes.json (F:\Projects\Javascript\hotel_management\node_modules\next\dist\server\api-utils\node.js:163:31)
    at handler (webpack-internal:///(api)/./pages/api/room/list.js:30:29)
    at processTicksAndRejections (internal/process/task_queues.js:93:5)
    at async Object.apiResolver (F:\Projects\Javascript\hotel_management\node_modules\next\dist\server\api-utils\node.js:179:9)
    at async DevServer.runApi (F:\Projects\Javascript\hotel_management\node_modules\next\dist\server\next-server.js:381:9)
    at async Object.fn (F:\Projects\Javascript\hotel_management\node_modules\next\dist\server\base-server.js:500:37)
    at async Router.execute (F:\Projects\Javascript\hotel_management\node_modules\next\dist\server\router.js:213:36)
    at async DevServer.run (F:\Projects\Javascript\hotel_management\node_modules\next\dist\server\base-server.js:619:29)
2022-12-12 12:18:38 [development] error: Error [ERR_HTTP_HEADERS_SENT]: Cannot set headers after they are sent to the client
    at ServerResponse.setHeader (_http_outgoing.js:558:11)
    at sendJson (F:\Projects\Javascript\hotel_management\node_modules\next\dist\server\api-utils\node.js:313:9)
    at ServerResponse.apiRes.json (F:\Projects\Javascript\hotel_management\node_modules\next\dist\server\api-utils\node.js:163:31)
    at handler (webpack-internal:///(api)/./pages/api/room/list.js:30:29)
    at processTicksAndRejections (internal/process/task_queues.js:93:5)
    at async Object.apiResolver (F:\Projects\Javascript\hotel_management\node_modules\next\dist\server\api-utils\node.js:179:9)
    at async DevServer.runApi (F:\Projects\Javascript\hotel_management\node_modules\next\dist\server\next-server.js:381:9)
    at async Object.fn (F:\Projects\Javascript\hotel_management\node_modules\next\dist\server\base-server.js:500:37)
    at async Router.execute (F:\Projects\Javascript\hotel_management\node_modules\next\dist\server\router.js:213:36)
    at async DevServer.run (F:\Projects\Javascript\hotel_management\node_modules\next\dist\server\base-server.js:619:29)
2022-12-12 12:18:43 [development] error: Error [ERR_HTTP_HEADERS_SENT]: Cannot set headers after they are sent to the client
    at ServerResponse.setHeader (_http_outgoing.js:558:11)
    at sendJson (F:\Projects\Javascript\hotel_management\node_modules\next\dist\server\api-utils\node.js:313:9)
    at ServerResponse.apiRes.json (F:\Projects\Javascript\hotel_management\node_modules\next\dist\server\api-utils\node.js:163:31)
    at handler (webpack-internal:///(api)/./pages/api/room/list.js:30:29)
    at processTicksAndRejections (internal/process/task_queues.js:93:5)
    at async Object.apiResolver (F:\Projects\Javascript\hotel_management\node_modules\next\dist\server\api-utils\node.js:179:9)
    at async DevServer.runApi (F:\Projects\Javascript\hotel_management\node_modules\next\dist\server\next-server.js:381:9)
    at async Object.fn (F:\Projects\Javascript\hotel_management\node_modules\next\dist\server\base-server.js:500:37)
    at async Router.execute (F:\Projects\Javascript\hotel_management\node_modules\next\dist\server\router.js:213:36)
    at async DevServer.run (F:\Projects\Javascript\hotel_management\node_modules\next\dist\server\base-server.js:619:29)
2022-12-12 12:27:53 [development] error: Error [ERR_HTTP_HEADERS_SENT]: Cannot set headers after they are sent to the client
    at ServerResponse.setHeader (_http_outgoing.js:558:11)
    at sendJson (F:\Projects\Javascript\hotel_management\node_modules\next\dist\server\api-utils\node.js:313:9)
    at ServerResponse.apiRes.json (F:\Projects\Javascript\hotel_management\node_modules\next\dist\server\api-utils\node.js:163:31)
    at handler (webpack-internal:///(api)/./pages/api/room/list.js:30:29)
    at processTicksAndRejections (internal/process/task_queues.js:93:5)
    at async Object.apiResolver (F:\Projects\Javascript\hotel_management\node_modules\next\dist\server\api-utils\node.js:179:9)
    at async DevServer.runApi (F:\Projects\Javascript\hotel_management\node_modules\next\dist\server\next-server.js:381:9)
    at async Object.fn (F:\Projects\Javascript\hotel_management\node_modules\next\dist\server\base-server.js:500:37)
    at async Router.execute (F:\Projects\Javascript\hotel_management\node_modules\next\dist\server\router.js:213:36)
    at async DevServer.run (F:\Projects\Javascript\hotel_management\node_modules\next\dist\server\base-server.js:619:29)
2022-12-12 12:27:54 [development] error: Error [ERR_HTTP_HEADERS_SENT]: Cannot set headers after they are sent to the client
    at ServerResponse.setHeader (_http_outgoing.js:558:11)
    at sendJson (F:\Projects\Javascript\hotel_management\node_modules\next\dist\server\api-utils\node.js:313:9)
    at ServerResponse.apiRes.json (F:\Projects\Javascript\hotel_management\node_modules\next\dist\server\api-utils\node.js:163:31)
    at handler (webpack-internal:///(api)/./pages/api/room/list.js:30:29)
    at processTicksAndRejections (internal/process/task_queues.js:93:5)
    at async Object.apiResolver (F:\Projects\Javascript\hotel_management\node_modules\next\dist\server\api-utils\node.js:179:9)
    at async DevServer.runApi (F:\Projects\Javascript\hotel_management\node_modules\next\dist\server\next-server.js:381:9)
    at async Object.fn (F:\Projects\Javascript\hotel_management\node_modules\next\dist\server\base-server.js:500:37)
    at async Router.execute (F:\Projects\Javascript\hotel_management\node_modules\next\dist\server\router.js:213:36)
    at async DevServer.run (F:\Projects\Javascript\hotel_management\node_modules\next\dist\server\base-server.js:619:29)
2022-12-12 12:27:59 [development] error: Error [ERR_HTTP_HEADERS_SENT]: Cannot set headers after they are sent to the client
    at ServerResponse.setHeader (_http_outgoing.js:558:11)
    at sendJson (F:\Projects\Javascript\hotel_management\node_modules\next\dist\server\api-utils\node.js:313:9)
    at ServerResponse.apiRes.json (F:\Projects\Javascript\hotel_management\node_modules\next\dist\server\api-utils\node.js:163:31)
    at handler (webpack-internal:///(api)/./pages/api/room/list.js:30:29)
    at processTicksAndRejections (internal/process/task_queues.js:93:5)
    at async Object.apiResolver (F:\Projects\Javascript\hotel_management\node_modules\next\dist\server\api-utils\node.js:179:9)
    at async DevServer.runApi (F:\Projects\Javascript\hotel_management\node_modules\next\dist\server\next-server.js:381:9)
    at async Object.fn (F:\Projects\Javascript\hotel_management\node_modules\next\dist\server\base-server.js:500:37)
    at async Router.execute (F:\Projects\Javascript\hotel_management\node_modules\next\dist\server\router.js:213:36)
    at async DevServer.run (F:\Projects\Javascript\hotel_management\node_modules\next\dist\server\base-server.js:619:29)
2022-12-12 12:28:00 [development] error: Error [ERR_HTTP_HEADERS_SENT]: Cannot set headers after they are sent to the client
    at ServerResponse.setHeader (_http_outgoing.js:558:11)
    at sendJson (F:\Projects\Javascript\hotel_management\node_modules\next\dist\server\api-utils\node.js:313:9)
    at ServerResponse.apiRes.json (F:\Projects\Javascript\hotel_management\node_modules\next\dist\server\api-utils\node.js:163:31)
    at handler (webpack-internal:///(api)/./pages/api/room/list.js:30:29)
    at processTicksAndRejections (internal/process/task_queues.js:93:5)
    at async Object.apiResolver (F:\Projects\Javascript\hotel_management\node_modules\next\dist\server\api-utils\node.js:179:9)
    at async DevServer.runApi (F:\Projects\Javascript\hotel_management\node_modules\next\dist\server\next-server.js:381:9)
    at async Object.fn (F:\Projects\Javascript\hotel_management\node_modules\next\dist\server\base-server.js:500:37)
    at async Router.execute (F:\Projects\Javascript\hotel_management\node_modules\next\dist\server\router.js:213:36)
    at async DevServer.run (F:\Projects\Javascript\hotel_management\node_modules\next\dist\server\base-server.js:619:29)
2022-12-12 12:28:01 [development] error: Error [ERR_HTTP_HEADERS_SENT]: Cannot set headers after they are sent to the client
    at ServerResponse.setHeader (_http_outgoing.js:558:11)
    at sendJson (F:\Projects\Javascript\hotel_management\node_modules\next\dist\server\api-utils\node.js:313:9)
    at ServerResponse.apiRes.json (F:\Projects\Javascript\hotel_management\node_modules\next\dist\server\api-utils\node.js:163:31)
    at handler (webpack-internal:///(api)/./pages/api/room/list.js:30:29)
    at processTicksAndRejections (internal/process/task_queues.js:93:5)
    at async Object.apiResolver (F:\Projects\Javascript\hotel_management\node_modules\next\dist\server\api-utils\node.js:179:9)
    at async DevServer.runApi (F:\Projects\Javascript\hotel_management\node_modules\next\dist\server\next-server.js:381:9)
    at async Object.fn (F:\Projects\Javascript\hotel_management\node_modules\next\dist\server\base-server.js:500:37)
    at async Router.execute (F:\Projects\Javascript\hotel_management\node_modules\next\dist\server\router.js:213:36)
    at async DevServer.run (F:\Projects\Javascript\hotel_management\node_modules\next\dist\server\base-server.js:619:29)
2022-12-12 13:01:48 [development] error: ReferenceError: Sequelize is not defined
    at handler (webpack-internal:///(api)/./pages/api/setup/index.js:20:20)
    at Object.apiResolver (F:\Projects\Javascript\hotel_management\node_modules\next\dist\server\api-utils\node.js:179:15)
    at processTicksAndRejections (internal/process/task_queues.js:93:5)
    at async DevServer.runApi (F:\Projects\Javascript\hotel_management\node_modules\next\dist\server\next-server.js:381:9)
    at async Object.fn (F:\Projects\Javascript\hotel_management\node_modules\next\dist\server\base-server.js:500:37)
    at async Router.execute (F:\Projects\Javascript\hotel_management\node_modules\next\dist\server\router.js:213:36)
    at async DevServer.run (F:\Projects\Javascript\hotel_management\node_modules\next\dist\server\base-server.js:619:29)
    at async DevServer.run (F:\Projects\Javascript\hotel_management\node_modules\next\dist\server\dev\next-dev-server.js:536:20)
    at async DevServer.handleRequest (F:\Projects\Javascript\hotel_management\node_modules\next\dist\server\base-server.js:320:20)
2022-12-12 13:02:07 [development] error: ReferenceError: literal is not defined
    at handler (webpack-internal:///(api)/./pages/api/setup/index.js:20:20)
    at Object.apiResolver (F:\Projects\Javascript\hotel_management\node_modules\next\dist\server\api-utils\node.js:179:15)
    at processTicksAndRejections (internal/process/task_queues.js:93:5)
    at async DevServer.runApi (F:\Projects\Javascript\hotel_management\node_modules\next\dist\server\next-server.js:381:9)
    at async Object.fn (F:\Projects\Javascript\hotel_management\node_modules\next\dist\server\base-server.js:500:37)
    at async Router.execute (F:\Projects\Javascript\hotel_management\node_modules\next\dist\server\router.js:213:36)
    at async DevServer.run (F:\Projects\Javascript\hotel_management\node_modules\next\dist\server\base-server.js:619:29)
    at async DevServer.run (F:\Projects\Javascript\hotel_management\node_modules\next\dist\server\dev\next-dev-server.js:536:20)
    at async DevServer.handleRequest (F:\Projects\Javascript\hotel_management\node_modules\next\dist\server\base-server.js:320:20)
2022-12-12 13:19:54 [development] error: ReferenceError: Sequelize is not defined
    at handler (webpack-internal:///(api)/./pages/api/room/list.js:23:20)
    at Object.apiResolver (F:\Projects\Javascript\hotel_management\node_modules\next\dist\server\api-utils\node.js:179:15)
    at processTicksAndRejections (internal/process/task_queues.js:93:5)
    at async DevServer.runApi (F:\Projects\Javascript\hotel_management\node_modules\next\dist\server\next-server.js:381:9)
    at async Object.fn (F:\Projects\Javascript\hotel_management\node_modules\next\dist\server\base-server.js:500:37)
    at async Router.execute (F:\Projects\Javascript\hotel_management\node_modules\next\dist\server\router.js:213:36)
    at async DevServer.run (F:\Projects\Javascript\hotel_management\node_modules\next\dist\server\base-server.js:619:29)
    at async DevServer.run (F:\Projects\Javascript\hotel_management\node_modules\next\dist\server\dev\next-dev-server.js:536:20)
    at async DevServer.handleRequest (F:\Projects\Javascript\hotel_management\node_modules\next\dist\server\base-server.js:320:20)
2022-12-12 13:20:19 [development] error: ReferenceError: Sequelize is not defined
    at handler (webpack-internal:///(api)/./pages/api/room/list.js:23:20)
    at Object.apiResolver (F:\Projects\Javascript\hotel_management\node_modules\next\dist\server\api-utils\node.js:179:15)
    at processTicksAndRejections (internal/process/task_queues.js:93:5)
    at async DevServer.runApi (F:\Projects\Javascript\hotel_management\node_modules\next\dist\server\next-server.js:381:9)
    at async Object.fn (F:\Projects\Javascript\hotel_management\node_modules\next\dist\server\base-server.js:500:37)
    at async Router.execute (F:\Projects\Javascript\hotel_management\node_modules\next\dist\server\router.js:213:36)
    at async DevServer.run (F:\Projects\Javascript\hotel_management\node_modules\next\dist\server\base-server.js:619:29)
    at async DevServer.run (F:\Projects\Javascript\hotel_management\node_modules\next\dist\server\dev\next-dev-server.js:536:20)
    at async DevServer.handleRequest (F:\Projects\Javascript\hotel_management\node_modules\next\dist\server\base-server.js:320:20)
