2022-12-21 14:46:22 [development] error: Error
    at Query.run (F:\Projects\Javascript\hotel_management\node_modules\sequelize\lib\dialects\mysql\query.js:52:25)
    at F:\Projects\Javascript\hotel_management\node_modules\sequelize\lib\sequelize.js:311:28
    at processTicksAndRejections (internal/process/task_queues.js:93:5)
    at async MySQLQueryInterface.select (F:\Projects\Javascript\hotel_management\node_modules\sequelize\lib\dialects\abstract\query-interface.js:407:12)
    at async Function.findAll (F:\Projects\Javascript\hotel_management\node_modules\sequelize\lib\model.js:1134:21)
    at async Function.findOne (F:\Projects\Javascript\hotel_management\node_modules\sequelize\lib\model.js:1228:12)
    at async handler (webpack-internal:///(api)/./pages/api/hotel/[hotel_uri].js:15:23)
    at async Object.apiResolver (F:\Projects\Javascript\hotel_management\node_modules\next\dist\server\api-utils\node.js:179:9)
    at async DevServer.runApi (F:\Projects\Javascript\hotel_management\node_modules\next\dist\server\next-server.js:381:9)
    at async Object.fn (F:\Projects\Javascript\hotel_management\node_modules\next\dist\server\base-server.js:500:37)
2022-12-21 16:51:25 [development] error: Error
    at Query.run (F:\Projects\Javascript\hotel_management\node_modules\sequelize\lib\dialects\mysql\query.js:52:25)
    at F:\Projects\Javascript\hotel_management\node_modules\sequelize\lib\sequelize.js:311:28
    at processTicksAndRejections (internal/process/task_queues.js:93:5)
    at async MySQLQueryInterface.select (F:\Projects\Javascript\hotel_management\node_modules\sequelize\lib\dialects\abstract\query-interface.js:407:12)
    at async Function.findAll (F:\Projects\Javascript\hotel_management\node_modules\sequelize\lib\model.js:1134:21)
    at async Function.findOne (F:\Projects\Javascript\hotel_management\node_modules\sequelize\lib\model.js:1228:12)
    at async handler (webpack-internal:///(api)/./pages/api/hotel/[hotel_uri].js:17:23)
    at async Object.apiResolver (F:\Projects\Javascript\hotel_management\node_modules\next\dist\server\api-utils\node.js:179:9)
    at async DevServer.runApi (F:\Projects\Javascript\hotel_management\node_modules\next\dist\server\next-server.js:381:9)
    at async Object.fn (F:\Projects\Javascript\hotel_management\node_modules\next\dist\server\base-server.js:500:37)
2022-12-21 17:02:14 [development] error: ReferenceError: inc is not defined
    at handler (webpack-internal:///(api)/./pages/api/hotel/[hotel_uri].js:29:13)
    at Object.apiResolver (F:\Projects\Javascript\hotel_management\node_modules\next\dist\server\api-utils\node.js:179:15)
    at processTicksAndRejections (internal/process/task_queues.js:93:5)
    at async DevServer.runApi (F:\Projects\Javascript\hotel_management\node_modules\next\dist\server\next-server.js:381:9)
    at async Object.fn (F:\Projects\Javascript\hotel_management\node_modules\next\dist\server\base-server.js:500:37)
    at async Router.execute (F:\Projects\Javascript\hotel_management\node_modules\next\dist\server\router.js:213:36)
    at async DevServer.run (F:\Projects\Javascript\hotel_management\node_modules\next\dist\server\base-server.js:619:29)
    at async DevServer.run (F:\Projects\Javascript\hotel_management\node_modules\next\dist\server\dev\next-dev-server.js:536:20)
    at async DevServer.handleRequest (F:\Projects\Javascript\hotel_management\node_modules\next\dist\server\base-server.js:320:20)
2022-12-21 17:08:16 [development] error: SequelizeEagerLoadingError: image is associated to Hotel using an alias. You've included an alias (buildings), but it does not match the alias(es) defined in your association (Image).
    at Function._getIncludedAssociation (F:\Projects\Javascript\hotel_management\node_modules\sequelize\lib\model.js:574:15)
    at Function._validateIncludedElement (F:\Projects\Javascript\hotel_management\node_modules\sequelize\lib\model.js:502:53)
    at F:\Projects\Javascript\hotel_management\node_modules\sequelize\lib\model.js:421:37
    at Array.map (<anonymous>)
    at Function._validateIncludedElements (F:\Projects\Javascript\hotel_management\node_modules\sequelize\lib\model.js:417:39)
    at Function.findAll (F:\Projects\Javascript\hotel_management\node_modules\sequelize\lib\model.js:1118:12)
    at processTicksAndRejections (internal/process/task_queues.js:93:5)
    at async Function.findOne (F:\Projects\Javascript\hotel_management\node_modules\sequelize\lib\model.js:1228:12)
    at async handler (webpack-internal:///(api)/./pages/api/hotel/[hotel_uri].js:17:23)
    at async Object.apiResolver (F:\Projects\Javascript\hotel_management\node_modules\next\dist\server\api-utils\node.js:179:9)
2022-12-21 17:08:42 [development] error: SequelizeEagerLoadingError: image is associated to Hotel using an alias. You've included an alias (buildings), but it does not match the alias(es) defined in your association (images).
    at Function._getIncludedAssociation (F:\Projects\Javascript\hotel_management\node_modules\sequelize\lib\model.js:574:15)
    at Function._validateIncludedElement (F:\Projects\Javascript\hotel_management\node_modules\sequelize\lib\model.js:502:53)
    at F:\Projects\Javascript\hotel_management\node_modules\sequelize\lib\model.js:421:37
    at Array.map (<anonymous>)
    at Function._validateIncludedElements (F:\Projects\Javascript\hotel_management\node_modules\sequelize\lib\model.js:417:39)
    at Function.findAll (F:\Projects\Javascript\hotel_management\node_modules\sequelize\lib\model.js:1118:12)
    at processTicksAndRejections (internal/process/task_queues.js:93:5)
    at async Function.findOne (F:\Projects\Javascript\hotel_management\node_modules\sequelize\lib\model.js:1228:12)
    at async handler (webpack-internal:///(api)/./pages/api/hotel/[hotel_uri].js:17:23)
    at async Object.apiResolver (F:\Projects\Javascript\hotel_management\node_modules\next\dist\server\api-utils\node.js:179:9)
2022-12-21 17:08:56 [development] error: Error
    at Query.run (F:\Projects\Javascript\hotel_management\node_modules\sequelize\lib\dialects\mysql\query.js:52:25)
    at F:\Projects\Javascript\hotel_management\node_modules\sequelize\lib\sequelize.js:311:28
    at processTicksAndRejections (internal/process/task_queues.js:93:5)
    at async MySQLQueryInterface.select (F:\Projects\Javascript\hotel_management\node_modules\sequelize\lib\dialects\abstract\query-interface.js:407:12)
    at async Function.findAll (F:\Projects\Javascript\hotel_management\node_modules\sequelize\lib\model.js:1134:21)
    at async Function.findOne (F:\Projects\Javascript\hotel_management\node_modules\sequelize\lib\model.js:1228:12)
    at async handler (webpack-internal:///(api)/./pages/api/hotel/[hotel_uri].js:17:23)
    at async Object.apiResolver (F:\Projects\Javascript\hotel_management\node_modules\next\dist\server\api-utils\node.js:179:9)
    at async DevServer.runApi (F:\Projects\Javascript\hotel_management\node_modules\next\dist\server\next-server.js:381:9)
    at async Object.fn (F:\Projects\Javascript\hotel_management\node_modules\next\dist\server\base-server.js:500:37)
