2023-01-18 16:13:36 [development] error: TypeError: _database_models_Hotel__WEBPACK_IMPORTED_MODULE_0__.default.findOne(...).update is not a function
    at Handler (webpack-internal:///(api)/./pages/api/hotel/index.js:91:16)
    at Object.apiResolver (F:\Projects\Javascript\hotel_management\node_modules\next\dist\server\api-utils\node.js:179:15)
    at processTicksAndRejections (internal/process/task_queues.js:93:5)
    at async DevServer.runApi (F:\Projects\Javascript\hotel_management\node_modules\next\dist\server\next-server.js:381:9)
    at async Object.fn (F:\Projects\Javascript\hotel_management\node_modules\next\dist\server\base-server.js:500:37)
    at async Router.execute (F:\Projects\Javascript\hotel_management\node_modules\next\dist\server\router.js:213:36)
    at async DevServer.run (F:\Projects\Javascript\hotel_management\node_modules\next\dist\server\base-server.js:619:29)
    at async DevServer.run (F:\Projects\Javascript\hotel_management\node_modules\next\dist\server\dev\next-dev-server.js:536:20)
    at async DevServer.handleRequest (F:\Projects\Javascript\hotel_management\node_modules\next\dist\server\base-server.js:320:20)
    at async Server.<anonymous> (F:\Projects\Javascript\hotel_management\server.js:26:17)
2023-01-18 16:14:11 [development] error: Error: WHERE parameter "hotel_id" has invalid "undefined" value
    at MySQLQueryGenerator.whereItemQuery (F:\Projects\Javascript\hotel_management\node_modules\sequelize\lib\dialects\abstract\query-generator.js:1658:13)
    at F:\Projects\Javascript\hotel_management\node_modules\sequelize\lib\dialects\abstract\query-generator.js:1649:25
    at Array.forEach (<anonymous>)
    at MySQLQueryGenerator.whereItemsQuery (F:\Projects\Javascript\hotel_management\node_modules\sequelize\lib\dialects\abstract\query-generator.js:1647:35)
    at MySQLQueryGenerator.getWhereConditions (F:\Projects\Javascript\hotel_management\node_modules\sequelize\lib\dialects\abstract\query-generator.js:1990:19)
    at MySQLQueryGenerator.selectQuery (F:\Projects\Javascript\hotel_management\node_modules\sequelize\lib\dialects\abstract\query-generator.js:932:28)
    at MySQLQueryInterface.select (F:\Projects\Javascript\hotel_management\node_modules\sequelize\lib\dialects\abstract\query-interface.js:407:59)
    at Function.findAll (F:\Projects\Javascript\hotel_management\node_modules\sequelize\lib\model.js:1134:47)
    at processTicksAndRejections (internal/process/task_queues.js:93:5)
    at async Function.findOne (F:\Projects\Javascript\hotel_management\node_modules\sequelize\lib\model.js:1228:12)
2023-01-18 16:17:12 [development] error: Error: WHERE parameter "hotel_id" has invalid "undefined" value
    at MySQLQueryGenerator.whereItemQuery (F:\Projects\Javascript\hotel_management\node_modules\sequelize\lib\dialects\abstract\query-generator.js:1658:13)
    at F:\Projects\Javascript\hotel_management\node_modules\sequelize\lib\dialects\abstract\query-generator.js:1649:25
    at Array.forEach (<anonymous>)
    at MySQLQueryGenerator.whereItemsQuery (F:\Projects\Javascript\hotel_management\node_modules\sequelize\lib\dialects\abstract\query-generator.js:1647:35)
    at MySQLQueryGenerator.getWhereConditions (F:\Projects\Javascript\hotel_management\node_modules\sequelize\lib\dialects\abstract\query-generator.js:1990:19)
    at MySQLQueryGenerator.selectQuery (F:\Projects\Javascript\hotel_management\node_modules\sequelize\lib\dialects\abstract\query-generator.js:932:28)
    at MySQLQueryInterface.select (F:\Projects\Javascript\hotel_management\node_modules\sequelize\lib\dialects\abstract\query-interface.js:407:59)
    at Function.findAll (F:\Projects\Javascript\hotel_management\node_modules\sequelize\lib\model.js:1134:47)
    at processTicksAndRejections (internal/process/task_queues.js:93:5)
    at async Function.findOne (F:\Projects\Javascript\hotel_management\node_modules\sequelize\lib\model.js:1228:12)
2023-01-18 16:17:23 [development] error: Error: WHERE parameter "hotel_id" has invalid "undefined" value
    at MySQLQueryGenerator.whereItemQuery (F:\Projects\Javascript\hotel_management\node_modules\sequelize\lib\dialects\abstract\query-generator.js:1658:13)
    at F:\Projects\Javascript\hotel_management\node_modules\sequelize\lib\dialects\abstract\query-generator.js:1649:25
    at Array.forEach (<anonymous>)
    at MySQLQueryGenerator.whereItemsQuery (F:\Projects\Javascript\hotel_management\node_modules\sequelize\lib\dialects\abstract\query-generator.js:1647:35)
    at MySQLQueryGenerator.getWhereConditions (F:\Projects\Javascript\hotel_management\node_modules\sequelize\lib\dialects\abstract\query-generator.js:1990:19)
    at MySQLQueryGenerator.selectQuery (F:\Projects\Javascript\hotel_management\node_modules\sequelize\lib\dialects\abstract\query-generator.js:932:28)
    at MySQLQueryInterface.select (F:\Projects\Javascript\hotel_management\node_modules\sequelize\lib\dialects\abstract\query-interface.js:407:59)
    at Function.findAll (F:\Projects\Javascript\hotel_management\node_modules\sequelize\lib\model.js:1134:47)
    at runMicrotasks (<anonymous>)
    at processTicksAndRejections (internal/process/task_queues.js:93:5)
2023-01-18 16:19:16 [development] error: Error: WHERE parameter "hotel_id" has invalid "undefined" value
    at MySQLQueryGenerator.whereItemQuery (F:\Projects\Javascript\hotel_management\node_modules\sequelize\lib\dialects\abstract\query-generator.js:1658:13)
    at F:\Projects\Javascript\hotel_management\node_modules\sequelize\lib\dialects\abstract\query-generator.js:1649:25
    at Array.forEach (<anonymous>)
    at MySQLQueryGenerator.whereItemsQuery (F:\Projects\Javascript\hotel_management\node_modules\sequelize\lib\dialects\abstract\query-generator.js:1647:35)
    at MySQLQueryGenerator.getWhereConditions (F:\Projects\Javascript\hotel_management\node_modules\sequelize\lib\dialects\abstract\query-generator.js:1990:19)
    at MySQLQueryGenerator.selectQuery (F:\Projects\Javascript\hotel_management\node_modules\sequelize\lib\dialects\abstract\query-generator.js:932:28)
    at MySQLQueryInterface.select (F:\Projects\Javascript\hotel_management\node_modules\sequelize\lib\dialects\abstract\query-interface.js:407:59)
    at Function.findAll (F:\Projects\Javascript\hotel_management\node_modules\sequelize\lib\model.js:1134:47)
    at processTicksAndRejections (internal/process/task_queues.js:93:5)
    at async Function.findOne (F:\Projects\Javascript\hotel_management\node_modules\sequelize\lib\model.js:1228:12)
2023-01-18 16:34:27 [development] error: Error: WHERE parameter "hotel_id" has invalid "undefined" value
    at MySQLQueryGenerator.whereItemQuery (F:\Projects\Javascript\hotel_management\node_modules\sequelize\lib\dialects\abstract\query-generator.js:1658:13)
    at F:\Projects\Javascript\hotel_management\node_modules\sequelize\lib\dialects\abstract\query-generator.js:1649:25
    at Array.forEach (<anonymous>)
    at MySQLQueryGenerator.whereItemsQuery (F:\Projects\Javascript\hotel_management\node_modules\sequelize\lib\dialects\abstract\query-generator.js:1647:35)
    at MySQLQueryGenerator.getWhereConditions (F:\Projects\Javascript\hotel_management\node_modules\sequelize\lib\dialects\abstract\query-generator.js:1990:19)
    at MySQLQueryGenerator.selectQuery (F:\Projects\Javascript\hotel_management\node_modules\sequelize\lib\dialects\abstract\query-generator.js:932:28)
    at MySQLQueryInterface.select (F:\Projects\Javascript\hotel_management\node_modules\sequelize\lib\dialects\abstract\query-interface.js:407:59)
    at Function.findAll (F:\Projects\Javascript\hotel_management\node_modules\sequelize\lib\model.js:1134:47)
    at processTicksAndRejections (internal/process/task_queues.js:93:5)
    at async Function.findOne (F:\Projects\Javascript\hotel_management\node_modules\sequelize\lib\model.js:1228:12)
