2022-12-08 12:37:03 [development] error: ReferenceError: hotel_id is not defined
    at handler (webpack-internal:///(api)/./pages/api/delete/[...slug].js:27:35)
    at Object.apiResolver (F:\Projects\Javascript\hotel_management\node_modules\next\dist\server\api-utils\node.js:179:15)
    at processTicksAndRejections (internal/process/task_queues.js:93:5)
    at async DevServer.runApi (F:\Projects\Javascript\hotel_management\node_modules\next\dist\server\next-server.js:381:9)
    at async Object.fn (F:\Projects\Javascript\hotel_management\node_modules\next\dist\server\base-server.js:500:37)
    at async Router.execute (F:\Projects\Javascript\hotel_management\node_modules\next\dist\server\router.js:213:36)
    at async DevServer.run (F:\Projects\Javascript\hotel_management\node_modules\next\dist\server\base-server.js:619:29)
    at async DevServer.run (F:\Projects\Javascript\hotel_management\node_modules\next\dist\server\dev\next-dev-server.js:536:20)
    at async DevServer.handleRequest (F:\Projects\Javascript\hotel_management\node_modules\next\dist\server\base-server.js:320:20)
2022-12-08 12:38:05 [development] error: TypeError: _database_models_Allsetup__WEBPACK_IMPORTED_MODULE_1__.default.findOne(...).on is not a function
    at handler (webpack-internal:///(api)/./pages/api/delete/[...slug].js:29:20)
    at Object.apiResolver (F:\Projects\Javascript\hotel_management\node_modules\next\dist\server\api-utils\node.js:179:15)
    at processTicksAndRejections (internal/process/task_queues.js:93:5)
    at async DevServer.runApi (F:\Projects\Javascript\hotel_management\node_modules\next\dist\server\next-server.js:381:9)
    at async Object.fn (F:\Projects\Javascript\hotel_management\node_modules\next\dist\server\base-server.js:500:37)
    at async Router.execute (F:\Projects\Javascript\hotel_management\node_modules\next\dist\server\router.js:213:36)
    at async DevServer.run (F:\Projects\Javascript\hotel_management\node_modules\next\dist\server\base-server.js:619:29)
    at async DevServer.run (F:\Projects\Javascript\hotel_management\node_modules\next\dist\server\dev\next-dev-server.js:536:20)
    at async DevServer.handleRequest (F:\Projects\Javascript\hotel_management\node_modules\next\dist\server\base-server.js:320:20)
2022-12-08 12:40:09 [development] error: TypeError: _database_models_Allsetup__WEBPACK_IMPORTED_MODULE_1__.default.findOne(...).on is not a function
    at handler (webpack-internal:///(api)/./pages/api/delete/[...slug].js:29:20)
    at Object.apiResolver (F:\Projects\Javascript\hotel_management\node_modules\next\dist\server\api-utils\node.js:179:15)
    at processTicksAndRejections (internal/process/task_queues.js:93:5)
    at async DevServer.runApi (F:\Projects\Javascript\hotel_management\node_modules\next\dist\server\next-server.js:381:9)
    at async Object.fn (F:\Projects\Javascript\hotel_management\node_modules\next\dist\server\base-server.js:500:37)
    at async Router.execute (F:\Projects\Javascript\hotel_management\node_modules\next\dist\server\router.js:213:36)
    at async DevServer.run (F:\Projects\Javascript\hotel_management\node_modules\next\dist\server\base-server.js:619:29)
    at async DevServer.run (F:\Projects\Javascript\hotel_management\node_modules\next\dist\server\dev\next-dev-server.js:536:20)
    at async DevServer.handleRequest (F:\Projects\Javascript\hotel_management\node_modules\next\dist\server\base-server.js:320:20)
2022-12-08 12:48:40 [development] error: TypeError: _database_models_Allsetup__WEBPACK_IMPORTED_MODULE_1__.default.findOne(...).on is not a function
    at handler (webpack-internal:///(api)/./pages/api/delete/[...slug].js:33:20)
    at Object.apiResolver (F:\Projects\Javascript\hotel_management\node_modules\next\dist\server\api-utils\node.js:179:15)
    at processTicksAndRejections (internal/process/task_queues.js:93:5)
    at async DevServer.runApi (F:\Projects\Javascript\hotel_management\node_modules\next\dist\server\next-server.js:381:9)
    at async Object.fn (F:\Projects\Javascript\hotel_management\node_modules\next\dist\server\base-server.js:500:37)
    at async Router.execute (F:\Projects\Javascript\hotel_management\node_modules\next\dist\server\router.js:213:36)
    at async DevServer.run (F:\Projects\Javascript\hotel_management\node_modules\next\dist\server\base-server.js:619:29)
    at async DevServer.run (F:\Projects\Javascript\hotel_management\node_modules\next\dist\server\dev\next-dev-server.js:536:20)
    at async DevServer.handleRequest (F:\Projects\Javascript\hotel_management\node_modules\next\dist\server\base-server.js:320:20)
2022-12-08 13:08:28 [development] error: TypeError: _database_models_Allsetup__WEBPACK_IMPORTED_MODULE_1__.default.findOne(...).on is not a function
    at handler (webpack-internal:///(api)/./pages/api/delete/[...slug].js:33:20)
    at Object.apiResolver (F:\Projects\Javascript\hotel_management\node_modules\next\dist\server\api-utils\node.js:179:15)
    at processTicksAndRejections (internal/process/task_queues.js:93:5)
    at async DevServer.runApi (F:\Projects\Javascript\hotel_management\node_modules\next\dist\server\next-server.js:381:9)
    at async Object.fn (F:\Projects\Javascript\hotel_management\node_modules\next\dist\server\base-server.js:500:37)
    at async Router.execute (F:\Projects\Javascript\hotel_management\node_modules\next\dist\server\router.js:213:36)
    at async DevServer.run (F:\Projects\Javascript\hotel_management\node_modules\next\dist\server\base-server.js:619:29)
    at async DevServer.run (F:\Projects\Javascript\hotel_management\node_modules\next\dist\server\dev\next-dev-server.js:536:20)
    at async DevServer.handleRequest (F:\Projects\Javascript\hotel_management\node_modules\next\dist\server\base-server.js:320:20)
2022-12-08 13:15:58 [development] error: TypeError: project.destroy(...).on is not a function
    at eval (webpack-internal:///(api)/./pages/api/delete/[...slug].js:34:39)
    at runMicrotasks (<anonymous>)
    at processTicksAndRejections (internal/process/task_queues.js:93:5)
    at async handler (webpack-internal:///(api)/./pages/api/delete/[...slug].js:29:34)
    at async Object.apiResolver (F:\Projects\Javascript\hotel_management\node_modules\next\dist\server\api-utils\node.js:179:9)
    at async DevServer.runApi (F:\Projects\Javascript\hotel_management\node_modules\next\dist\server\next-server.js:381:9)
    at async Object.fn (F:\Projects\Javascript\hotel_management\node_modules\next\dist\server\base-server.js:500:37)
    at async Router.execute (F:\Projects\Javascript\hotel_management\node_modules\next\dist\server\router.js:213:36)
    at async DevServer.run (F:\Projects\Javascript\hotel_management\node_modules\next\dist\server\base-server.js:619:29)
    at async DevServer.run (F:\Projects\Javascript\hotel_management\node_modules\next\dist\server\dev\next-dev-server.js:536:20)
2022-12-08 13:22:23 [development] error: TypeError: Cannot read property 'destroy' of null
    at eval (webpack-internal:///(api)/./pages/api/delete/[...slug].js:34:29)
    at runMicrotasks (<anonymous>)
    at processTicksAndRejections (internal/process/task_queues.js:93:5)
    at async handler (webpack-internal:///(api)/./pages/api/delete/[...slug].js:29:34)
    at async Object.apiResolver (F:\Projects\Javascript\hotel_management\node_modules\next\dist\server\api-utils\node.js:179:9)
    at async DevServer.runApi (F:\Projects\Javascript\hotel_management\node_modules\next\dist\server\next-server.js:381:9)
    at async Object.fn (F:\Projects\Javascript\hotel_management\node_modules\next\dist\server\base-server.js:500:37)
    at async Router.execute (F:\Projects\Javascript\hotel_management\node_modules\next\dist\server\router.js:213:36)
    at async DevServer.run (F:\Projects\Javascript\hotel_management\node_modules\next\dist\server\base-server.js:619:29)
    at async DevServer.run (F:\Projects\Javascript\hotel_management\node_modules\next\dist\server\dev\next-dev-server.js:536:20)
2022-12-08 13:22:36 [development] error: TypeError: project.destroy(...).on is not a function
    at eval (webpack-internal:///(api)/./pages/api/delete/[...slug].js:34:39)
    at runMicrotasks (<anonymous>)
    at processTicksAndRejections (internal/process/task_queues.js:93:5)
    at async handler (webpack-internal:///(api)/./pages/api/delete/[...slug].js:29:34)
    at async Object.apiResolver (F:\Projects\Javascript\hotel_management\node_modules\next\dist\server\api-utils\node.js:179:9)
    at async DevServer.runApi (F:\Projects\Javascript\hotel_management\node_modules\next\dist\server\next-server.js:381:9)
    at async Object.fn (F:\Projects\Javascript\hotel_management\node_modules\next\dist\server\base-server.js:500:37)
    at async Router.execute (F:\Projects\Javascript\hotel_management\node_modules\next\dist\server\router.js:213:36)
    at async DevServer.run (F:\Projects\Javascript\hotel_management\node_modules\next\dist\server\base-server.js:619:29)
    at async DevServer.run (F:\Projects\Javascript\hotel_management\node_modules\next\dist\server\dev\next-dev-server.js:536:20)
2022-12-08 13:27:14 [development] error: ReferenceError: City is not defined
    at handler (webpack-internal:///(api)/./pages/api/delete/[...slug].js:29:29)
    at Object.apiResolver (F:\Projects\Javascript\hotel_management\node_modules\next\dist\server\api-utils\node.js:179:15)
    at runMicrotasks (<anonymous>)
    at processTicksAndRejections (internal/process/task_queues.js:93:5)
    at async DevServer.runApi (F:\Projects\Javascript\hotel_management\node_modules\next\dist\server\next-server.js:381:9)
    at async Object.fn (F:\Projects\Javascript\hotel_management\node_modules\next\dist\server\base-server.js:500:37)
    at async Router.execute (F:\Projects\Javascript\hotel_management\node_modules\next\dist\server\router.js:213:36)
    at async DevServer.run (F:\Projects\Javascript\hotel_management\node_modules\next\dist\server\base-server.js:619:29)
    at async DevServer.run (F:\Projects\Javascript\hotel_management\node_modules\next\dist\server\dev\next-dev-server.js:536:20)
    at async DevServer.handleRequest (F:\Projects\Javascript\hotel_management\node_modules\next\dist\server\base-server.js:320:20)
2022-12-08 13:27:50 [development] error: Error: WHERE parameter "unitId" has invalid "undefined" value
    at MySQLQueryGenerator.whereItemQuery (F:\Projects\Javascript\hotel_management\node_modules\sequelize\lib\dialects\abstract\query-generator.js:1658:13)
    at F:\Projects\Javascript\hotel_management\node_modules\sequelize\lib\dialects\abstract\query-generator.js:1649:25
    at Array.forEach (<anonymous>)
    at MySQLQueryGenerator.whereItemsQuery (F:\Projects\Javascript\hotel_management\node_modules\sequelize\lib\dialects\abstract\query-generator.js:1647:35)
    at MySQLQueryGenerator.getWhereConditions (F:\Projects\Javascript\hotel_management\node_modules\sequelize\lib\dialects\abstract\query-generator.js:1990:19)
    at MySQLQueryGenerator.selectQuery (F:\Projects\Javascript\hotel_management\node_modules\sequelize\lib\dialects\abstract\query-generator.js:932:28)
    at MySQLQueryInterface.select (F:\Projects\Javascript\hotel_management\node_modules\sequelize\lib\dialects\abstract\query-interface.js:407:59)
    at Function.findAll (F:\Projects\Javascript\hotel_management\node_modules\sequelize\lib\model.js:1134:47)
    at runMicrotasks (<anonymous>)
    at processTicksAndRejections (internal/process/task_queues.js:93:5)
2022-12-08 13:51:40 [development] error: Error
    at Query.run (F:\Projects\Javascript\hotel_management\node_modules\sequelize\lib\dialects\mysql\query.js:52:25)
    at F:\Projects\Javascript\hotel_management\node_modules\sequelize\lib\sequelize.js:311:28
    at processTicksAndRejections (internal/process/task_queues.js:93:5)
    at async MySQLQueryInterface.select (F:\Projects\Javascript\hotel_management\node_modules\sequelize\lib\dialects\abstract\query-interface.js:407:12)
    at async Function.findAll (F:\Projects\Javascript\hotel_management\node_modules\sequelize\lib\model.js:1134:21)
    at async Function.findOne (F:\Projects\Javascript\hotel_management\node_modules\sequelize\lib\model.js:1228:12)
    at async handler (webpack-internal:///(api)/./pages/api/delete/[...slug].js:43:15)
    at async Object.apiResolver (F:\Projects\Javascript\hotel_management\node_modules\next\dist\server\api-utils\node.js:179:9)
    at async DevServer.runApi (F:\Projects\Javascript\hotel_management\node_modules\next\dist\server\next-server.js:381:9)
    at async Object.fn (F:\Projects\Javascript\hotel_management\node_modules\next\dist\server\base-server.js:500:37)
2022-12-08 13:51:51 [development] error: Error
    at Query.run (F:\Projects\Javascript\hotel_management\node_modules\sequelize\lib\dialects\mysql\query.js:52:25)
    at F:\Projects\Javascript\hotel_management\node_modules\sequelize\lib\sequelize.js:311:28
    at processTicksAndRejections (internal/process/task_queues.js:93:5)
    at async MySQLQueryInterface.select (F:\Projects\Javascript\hotel_management\node_modules\sequelize\lib\dialects\abstract\query-interface.js:407:12)
    at async Function.findAll (F:\Projects\Javascript\hotel_management\node_modules\sequelize\lib\model.js:1134:21)
    at async Function.findOne (F:\Projects\Javascript\hotel_management\node_modules\sequelize\lib\model.js:1228:12)
    at async handler (webpack-internal:///(api)/./pages/api/delete/[...slug].js:43:15)
    at async Object.apiResolver (F:\Projects\Javascript\hotel_management\node_modules\next\dist\server\api-utils\node.js:179:9)
    at async DevServer.runApi (F:\Projects\Javascript\hotel_management\node_modules\next\dist\server\next-server.js:381:9)
    at async Object.fn (F:\Projects\Javascript\hotel_management\node_modules\next\dist\server\base-server.js:500:37)
2022-12-08 13:53:56 [development] error: Error: Invalid value { unitId: '22' }
    at Object.escape (F:\Projects\Javascript\hotel_management\node_modules\sequelize\lib\sql-string.js:52:11)
    at MySQLQueryGenerator.escape (F:\Projects\Javascript\hotel_management\node_modules\sequelize\lib\dialects\abstract\query-generator.js:709:22)
    at MySQLQueryGenerator._whereParseSingleValueObject (F:\Projects\Javascript\hotel_management\node_modules\sequelize\lib\dialects\abstract\query-generator.js:1972:41)
    at MySQLQueryGenerator.whereItemQuery (F:\Projects\Javascript\hotel_management\node_modules\sequelize\lib\dialects\abstract\query-generator.js:1730:19)
    at F:\Projects\Javascript\hotel_management\node_modules\sequelize\lib\dialects\abstract\query-generator.js:1649:25
    at Array.forEach (<anonymous>)
    at MySQLQueryGenerator.whereItemsQuery (F:\Projects\Javascript\hotel_management\node_modules\sequelize\lib\dialects\abstract\query-generator.js:1647:35)
    at MySQLQueryGenerator.getWhereConditions (F:\Projects\Javascript\hotel_management\node_modules\sequelize\lib\dialects\abstract\query-generator.js:1990:19)
    at MySQLQueryGenerator.selectQuery (F:\Projects\Javascript\hotel_management\node_modules\sequelize\lib\dialects\abstract\query-generator.js:932:28)
    at MySQLQueryInterface.select (F:\Projects\Javascript\hotel_management\node_modules\sequelize\lib\dialects\abstract\query-interface.js:407:59)
2022-12-08 13:54:16 [development] error: Error: Invalid value { unitId: '22' }
    at Object.escape (F:\Projects\Javascript\hotel_management\node_modules\sequelize\lib\sql-string.js:52:11)
    at MySQLQueryGenerator.escape (F:\Projects\Javascript\hotel_management\node_modules\sequelize\lib\dialects\abstract\query-generator.js:709:22)
    at MySQLQueryGenerator._whereParseSingleValueObject (F:\Projects\Javascript\hotel_management\node_modules\sequelize\lib\dialects\abstract\query-generator.js:1972:41)
    at MySQLQueryGenerator.whereItemQuery (F:\Projects\Javascript\hotel_management\node_modules\sequelize\lib\dialects\abstract\query-generator.js:1730:19)
    at F:\Projects\Javascript\hotel_management\node_modules\sequelize\lib\dialects\abstract\query-generator.js:1649:25
    at Array.forEach (<anonymous>)
    at MySQLQueryGenerator.whereItemsQuery (F:\Projects\Javascript\hotel_management\node_modules\sequelize\lib\dialects\abstract\query-generator.js:1647:35)
    at MySQLQueryGenerator.getWhereConditions (F:\Projects\Javascript\hotel_management\node_modules\sequelize\lib\dialects\abstract\query-generator.js:1990:19)
    at MySQLQueryGenerator.selectQuery (F:\Projects\Javascript\hotel_management\node_modules\sequelize\lib\dialects\abstract\query-generator.js:932:28)
    at MySQLQueryInterface.select (F:\Projects\Javascript\hotel_management\node_modules\sequelize\lib\dialects\abstract\query-interface.js:407:59)
