2022-12-15 14:03:00 [development] error: Error: WHERE parameter "userId" has invalid "undefined" value
    at MySQLQueryGenerator.whereItemQuery (F:\Projects\Javascript\hotel_management\node_modules\sequelize\lib\dialects\abstract\query-generator.js:1658:13)
    at F:\Projects\Javascript\hotel_management\node_modules\sequelize\lib\dialects\abstract\query-generator.js:1649:25
    at Array.forEach (<anonymous>)
    at MySQLQueryGenerator.whereItemsQuery (F:\Projects\Javascript\hotel_management\node_modules\sequelize\lib\dialects\abstract\query-generator.js:1647:35)
    at MySQLQueryGenerator.getWhereConditions (F:\Projects\Javascript\hotel_management\node_modules\sequelize\lib\dialects\abstract\query-generator.js:1990:19)
    at MySQLQueryGenerator.selectQuery (F:\Projects\Javascript\hotel_management\node_modules\sequelize\lib\dialects\abstract\query-generator.js:932:28)
    at MySQLQueryInterface.select (F:\Projects\Javascript\hotel_management\node_modules\sequelize\lib\dialects\abstract\query-interface.js:407:59)
    at Function.findAll (F:\Projects\Javascript\hotel_management\node_modules\sequelize\lib\model.js:1134:47)
    at processTicksAndRejections (internal/process/task_queues.js:93:5)
    at async Function.findOne (F:\Projects\Javascript\hotel_management\node_modules\sequelize\lib\model.js:1228:12)
2022-12-15 14:03:11 [development] error: Error: WHERE parameter "userId" has invalid "undefined" value
    at MySQLQueryGenerator.whereItemQuery (F:\Projects\Javascript\hotel_management\node_modules\sequelize\lib\dialects\abstract\query-generator.js:1658:13)
    at F:\Projects\Javascript\hotel_management\node_modules\sequelize\lib\dialects\abstract\query-generator.js:1649:25
    at Array.forEach (<anonymous>)
    at MySQLQueryGenerator.whereItemsQuery (F:\Projects\Javascript\hotel_management\node_modules\sequelize\lib\dialects\abstract\query-generator.js:1647:35)
    at MySQLQueryGenerator.getWhereConditions (F:\Projects\Javascript\hotel_management\node_modules\sequelize\lib\dialects\abstract\query-generator.js:1990:19)
    at MySQLQueryGenerator.selectQuery (F:\Projects\Javascript\hotel_management\node_modules\sequelize\lib\dialects\abstract\query-generator.js:932:28)
    at MySQLQueryInterface.select (F:\Projects\Javascript\hotel_management\node_modules\sequelize\lib\dialects\abstract\query-interface.js:407:59)
    at Function.findAll (F:\Projects\Javascript\hotel_management\node_modules\sequelize\lib\model.js:1134:47)
    at processTicksAndRejections (internal/process/task_queues.js:93:5)
    at async Function.findOne (F:\Projects\Javascript\hotel_management\node_modules\sequelize\lib\model.js:1228:12)
2022-12-15 14:03:15 [development] error: Error: WHERE parameter "userId" has invalid "undefined" value
    at MySQLQueryGenerator.whereItemQuery (F:\Projects\Javascript\hotel_management\node_modules\sequelize\lib\dialects\abstract\query-generator.js:1658:13)
    at F:\Projects\Javascript\hotel_management\node_modules\sequelize\lib\dialects\abstract\query-generator.js:1649:25
    at Array.forEach (<anonymous>)
    at MySQLQueryGenerator.whereItemsQuery (F:\Projects\Javascript\hotel_management\node_modules\sequelize\lib\dialects\abstract\query-generator.js:1647:35)
    at MySQLQueryGenerator.getWhereConditions (F:\Projects\Javascript\hotel_management\node_modules\sequelize\lib\dialects\abstract\query-generator.js:1990:19)
    at MySQLQueryGenerator.selectQuery (F:\Projects\Javascript\hotel_management\node_modules\sequelize\lib\dialects\abstract\query-generator.js:932:28)
    at MySQLQueryInterface.select (F:\Projects\Javascript\hotel_management\node_modules\sequelize\lib\dialects\abstract\query-interface.js:407:59)
    at Function.findAll (F:\Projects\Javascript\hotel_management\node_modules\sequelize\lib\model.js:1134:47)
    at processTicksAndRejections (internal/process/task_queues.js:93:5)
    at async Function.findOne (F:\Projects\Javascript\hotel_management\node_modules\sequelize\lib\model.js:1228:12)
2022-12-15 14:03:15 [development] error: Error: WHERE parameter "userId" has invalid "undefined" value
    at MySQLQueryGenerator.whereItemQuery (F:\Projects\Javascript\hotel_management\node_modules\sequelize\lib\dialects\abstract\query-generator.js:1658:13)
    at F:\Projects\Javascript\hotel_management\node_modules\sequelize\lib\dialects\abstract\query-generator.js:1649:25
    at Array.forEach (<anonymous>)
    at MySQLQueryGenerator.whereItemsQuery (F:\Projects\Javascript\hotel_management\node_modules\sequelize\lib\dialects\abstract\query-generator.js:1647:35)
    at MySQLQueryGenerator.getWhereConditions (F:\Projects\Javascript\hotel_management\node_modules\sequelize\lib\dialects\abstract\query-generator.js:1990:19)
    at MySQLQueryGenerator.selectQuery (F:\Projects\Javascript\hotel_management\node_modules\sequelize\lib\dialects\abstract\query-generator.js:932:28)
    at MySQLQueryInterface.select (F:\Projects\Javascript\hotel_management\node_modules\sequelize\lib\dialects\abstract\query-interface.js:407:59)
    at Function.findAll (F:\Projects\Javascript\hotel_management\node_modules\sequelize\lib\model.js:1134:47)
    at processTicksAndRejections (internal/process/task_queues.js:93:5)
    at async Function.findOne (F:\Projects\Javascript\hotel_management\node_modules\sequelize\lib\model.js:1228:12)
2022-12-15 14:03:29 [development] error: Error: WHERE parameter "userId" has invalid "undefined" value
    at MySQLQueryGenerator.whereItemQuery (F:\Projects\Javascript\hotel_management\node_modules\sequelize\lib\dialects\abstract\query-generator.js:1658:13)
    at F:\Projects\Javascript\hotel_management\node_modules\sequelize\lib\dialects\abstract\query-generator.js:1649:25
    at Array.forEach (<anonymous>)
    at MySQLQueryGenerator.whereItemsQuery (F:\Projects\Javascript\hotel_management\node_modules\sequelize\lib\dialects\abstract\query-generator.js:1647:35)
    at MySQLQueryGenerator.getWhereConditions (F:\Projects\Javascript\hotel_management\node_modules\sequelize\lib\dialects\abstract\query-generator.js:1990:19)
    at MySQLQueryGenerator.selectQuery (F:\Projects\Javascript\hotel_management\node_modules\sequelize\lib\dialects\abstract\query-generator.js:932:28)
    at MySQLQueryInterface.select (F:\Projects\Javascript\hotel_management\node_modules\sequelize\lib\dialects\abstract\query-interface.js:407:59)
    at Function.findAll (F:\Projects\Javascript\hotel_management\node_modules\sequelize\lib\model.js:1134:47)
    at processTicksAndRejections (internal/process/task_queues.js:93:5)
    at async Function.findOne (F:\Projects\Javascript\hotel_management\node_modules\sequelize\lib\model.js:1228:12)
2022-12-15 14:03:37 [development] error: Error: WHERE parameter "userId" has invalid "undefined" value
    at MySQLQueryGenerator.whereItemQuery (F:\Projects\Javascript\hotel_management\node_modules\sequelize\lib\dialects\abstract\query-generator.js:1658:13)
    at F:\Projects\Javascript\hotel_management\node_modules\sequelize\lib\dialects\abstract\query-generator.js:1649:25
    at Array.forEach (<anonymous>)
    at MySQLQueryGenerator.whereItemsQuery (F:\Projects\Javascript\hotel_management\node_modules\sequelize\lib\dialects\abstract\query-generator.js:1647:35)
    at MySQLQueryGenerator.getWhereConditions (F:\Projects\Javascript\hotel_management\node_modules\sequelize\lib\dialects\abstract\query-generator.js:1990:19)
    at MySQLQueryGenerator.selectQuery (F:\Projects\Javascript\hotel_management\node_modules\sequelize\lib\dialects\abstract\query-generator.js:932:28)
    at MySQLQueryInterface.select (F:\Projects\Javascript\hotel_management\node_modules\sequelize\lib\dialects\abstract\query-interface.js:407:59)
    at Function.findAll (F:\Projects\Javascript\hotel_management\node_modules\sequelize\lib\model.js:1134:47)
    at processTicksAndRejections (internal/process/task_queues.js:93:5)
    at async Function.findOne (F:\Projects\Javascript\hotel_management\node_modules\sequelize\lib\model.js:1228:12)
2022-12-15 14:29:47 [development] error: Error: WHERE parameter "userId" has invalid "undefined" value
    at MySQLQueryGenerator.whereItemQuery (F:\Projects\Javascript\hotel_management\node_modules\sequelize\lib\dialects\abstract\query-generator.js:1658:13)
    at F:\Projects\Javascript\hotel_management\node_modules\sequelize\lib\dialects\abstract\query-generator.js:1649:25
    at Array.forEach (<anonymous>)
    at MySQLQueryGenerator.whereItemsQuery (F:\Projects\Javascript\hotel_management\node_modules\sequelize\lib\dialects\abstract\query-generator.js:1647:35)
    at MySQLQueryGenerator.getWhereConditions (F:\Projects\Javascript\hotel_management\node_modules\sequelize\lib\dialects\abstract\query-generator.js:1990:19)
    at MySQLQueryGenerator.selectQuery (F:\Projects\Javascript\hotel_management\node_modules\sequelize\lib\dialects\abstract\query-generator.js:932:28)
    at MySQLQueryInterface.select (F:\Projects\Javascript\hotel_management\node_modules\sequelize\lib\dialects\abstract\query-interface.js:407:59)
    at Function.findAll (F:\Projects\Javascript\hotel_management\node_modules\sequelize\lib\model.js:1134:47)
    at processTicksAndRejections (internal/process/task_queues.js:93:5)
    at async Function.findOne (F:\Projects\Javascript\hotel_management\node_modules\sequelize\lib\model.js:1228:12)
2022-12-15 14:31:14 [development] error: Error: WHERE parameter "userId" has invalid "undefined" value
    at MySQLQueryGenerator.whereItemQuery (F:\Projects\Javascript\hotel_management\node_modules\sequelize\lib\dialects\abstract\query-generator.js:1658:13)
    at F:\Projects\Javascript\hotel_management\node_modules\sequelize\lib\dialects\abstract\query-generator.js:1649:25
    at Array.forEach (<anonymous>)
    at MySQLQueryGenerator.whereItemsQuery (F:\Projects\Javascript\hotel_management\node_modules\sequelize\lib\dialects\abstract\query-generator.js:1647:35)
    at MySQLQueryGenerator.getWhereConditions (F:\Projects\Javascript\hotel_management\node_modules\sequelize\lib\dialects\abstract\query-generator.js:1990:19)
    at MySQLQueryGenerator.selectQuery (F:\Projects\Javascript\hotel_management\node_modules\sequelize\lib\dialects\abstract\query-generator.js:932:28)
    at MySQLQueryInterface.select (F:\Projects\Javascript\hotel_management\node_modules\sequelize\lib\dialects\abstract\query-interface.js:407:59)
    at Function.findAll (F:\Projects\Javascript\hotel_management\node_modules\sequelize\lib\model.js:1134:47)
    at runMicrotasks (<anonymous>)
    at processTicksAndRejections (internal/process/task_queues.js:93:5)
2022-12-15 14:31:16 [development] error: Error: WHERE parameter "userId" has invalid "undefined" value
    at MySQLQueryGenerator.whereItemQuery (F:\Projects\Javascript\hotel_management\node_modules\sequelize\lib\dialects\abstract\query-generator.js:1658:13)
    at F:\Projects\Javascript\hotel_management\node_modules\sequelize\lib\dialects\abstract\query-generator.js:1649:25
    at Array.forEach (<anonymous>)
    at MySQLQueryGenerator.whereItemsQuery (F:\Projects\Javascript\hotel_management\node_modules\sequelize\lib\dialects\abstract\query-generator.js:1647:35)
    at MySQLQueryGenerator.getWhereConditions (F:\Projects\Javascript\hotel_management\node_modules\sequelize\lib\dialects\abstract\query-generator.js:1990:19)
    at MySQLQueryGenerator.selectQuery (F:\Projects\Javascript\hotel_management\node_modules\sequelize\lib\dialects\abstract\query-generator.js:932:28)
    at MySQLQueryInterface.select (F:\Projects\Javascript\hotel_management\node_modules\sequelize\lib\dialects\abstract\query-interface.js:407:59)
    at Function.findAll (F:\Projects\Javascript\hotel_management\node_modules\sequelize\lib\model.js:1134:47)
    at runMicrotasks (<anonymous>)
    at processTicksAndRejections (internal/process/task_queues.js:93:5)
2022-12-15 14:31:17 [development] error: Error: WHERE parameter "userId" has invalid "undefined" value
    at MySQLQueryGenerator.whereItemQuery (F:\Projects\Javascript\hotel_management\node_modules\sequelize\lib\dialects\abstract\query-generator.js:1658:13)
    at F:\Projects\Javascript\hotel_management\node_modules\sequelize\lib\dialects\abstract\query-generator.js:1649:25
    at Array.forEach (<anonymous>)
    at MySQLQueryGenerator.whereItemsQuery (F:\Projects\Javascript\hotel_management\node_modules\sequelize\lib\dialects\abstract\query-generator.js:1647:35)
    at MySQLQueryGenerator.getWhereConditions (F:\Projects\Javascript\hotel_management\node_modules\sequelize\lib\dialects\abstract\query-generator.js:1990:19)
    at MySQLQueryGenerator.selectQuery (F:\Projects\Javascript\hotel_management\node_modules\sequelize\lib\dialects\abstract\query-generator.js:932:28)
    at MySQLQueryInterface.select (F:\Projects\Javascript\hotel_management\node_modules\sequelize\lib\dialects\abstract\query-interface.js:407:59)
    at Function.findAll (F:\Projects\Javascript\hotel_management\node_modules\sequelize\lib\model.js:1134:47)
    at runMicrotasks (<anonymous>)
    at processTicksAndRejections (internal/process/task_queues.js:93:5)
2022-12-15 14:31:22 [development] error: Error: WHERE parameter "userId" has invalid "undefined" value
    at MySQLQueryGenerator.whereItemQuery (F:\Projects\Javascript\hotel_management\node_modules\sequelize\lib\dialects\abstract\query-generator.js:1658:13)
    at F:\Projects\Javascript\hotel_management\node_modules\sequelize\lib\dialects\abstract\query-generator.js:1649:25
    at Array.forEach (<anonymous>)
    at MySQLQueryGenerator.whereItemsQuery (F:\Projects\Javascript\hotel_management\node_modules\sequelize\lib\dialects\abstract\query-generator.js:1647:35)
    at MySQLQueryGenerator.getWhereConditions (F:\Projects\Javascript\hotel_management\node_modules\sequelize\lib\dialects\abstract\query-generator.js:1990:19)
    at MySQLQueryGenerator.selectQuery (F:\Projects\Javascript\hotel_management\node_modules\sequelize\lib\dialects\abstract\query-generator.js:932:28)
    at MySQLQueryInterface.select (F:\Projects\Javascript\hotel_management\node_modules\sequelize\lib\dialects\abstract\query-interface.js:407:59)
    at Function.findAll (F:\Projects\Javascript\hotel_management\node_modules\sequelize\lib\model.js:1134:47)
    at runMicrotasks (<anonymous>)
    at processTicksAndRejections (internal/process/task_queues.js:93:5)
2022-12-15 14:31:26 [development] error: Error: WHERE parameter "userId" has invalid "undefined" value
    at MySQLQueryGenerator.whereItemQuery (F:\Projects\Javascript\hotel_management\node_modules\sequelize\lib\dialects\abstract\query-generator.js:1658:13)
    at F:\Projects\Javascript\hotel_management\node_modules\sequelize\lib\dialects\abstract\query-generator.js:1649:25
    at Array.forEach (<anonymous>)
    at MySQLQueryGenerator.whereItemsQuery (F:\Projects\Javascript\hotel_management\node_modules\sequelize\lib\dialects\abstract\query-generator.js:1647:35)
    at MySQLQueryGenerator.getWhereConditions (F:\Projects\Javascript\hotel_management\node_modules\sequelize\lib\dialects\abstract\query-generator.js:1990:19)
    at MySQLQueryGenerator.selectQuery (F:\Projects\Javascript\hotel_management\node_modules\sequelize\lib\dialects\abstract\query-generator.js:932:28)
    at MySQLQueryInterface.select (F:\Projects\Javascript\hotel_management\node_modules\sequelize\lib\dialects\abstract\query-interface.js:407:59)
    at Function.findAll (F:\Projects\Javascript\hotel_management\node_modules\sequelize\lib\model.js:1134:47)
    at runMicrotasks (<anonymous>)
    at processTicksAndRejections (internal/process/task_queues.js:93:5)
2022-12-15 14:31:28 [development] error: Error: WHERE parameter "userId" has invalid "undefined" value
    at MySQLQueryGenerator.whereItemQuery (F:\Projects\Javascript\hotel_management\node_modules\sequelize\lib\dialects\abstract\query-generator.js:1658:13)
    at F:\Projects\Javascript\hotel_management\node_modules\sequelize\lib\dialects\abstract\query-generator.js:1649:25
    at Array.forEach (<anonymous>)
    at MySQLQueryGenerator.whereItemsQuery (F:\Projects\Javascript\hotel_management\node_modules\sequelize\lib\dialects\abstract\query-generator.js:1647:35)
    at MySQLQueryGenerator.getWhereConditions (F:\Projects\Javascript\hotel_management\node_modules\sequelize\lib\dialects\abstract\query-generator.js:1990:19)
    at MySQLQueryGenerator.selectQuery (F:\Projects\Javascript\hotel_management\node_modules\sequelize\lib\dialects\abstract\query-generator.js:932:28)
    at MySQLQueryInterface.select (F:\Projects\Javascript\hotel_management\node_modules\sequelize\lib\dialects\abstract\query-interface.js:407:59)
    at Function.findAll (F:\Projects\Javascript\hotel_management\node_modules\sequelize\lib\model.js:1134:47)
    at runMicrotasks (<anonymous>)
    at processTicksAndRejections (internal/process/task_queues.js:93:5)
2022-12-15 14:31:32 [development] error: Error: WHERE parameter "userId" has invalid "undefined" value
    at MySQLQueryGenerator.whereItemQuery (F:\Projects\Javascript\hotel_management\node_modules\sequelize\lib\dialects\abstract\query-generator.js:1658:13)
    at F:\Projects\Javascript\hotel_management\node_modules\sequelize\lib\dialects\abstract\query-generator.js:1649:25
    at Array.forEach (<anonymous>)
    at MySQLQueryGenerator.whereItemsQuery (F:\Projects\Javascript\hotel_management\node_modules\sequelize\lib\dialects\abstract\query-generator.js:1647:35)
    at MySQLQueryGenerator.getWhereConditions (F:\Projects\Javascript\hotel_management\node_modules\sequelize\lib\dialects\abstract\query-generator.js:1990:19)
    at MySQLQueryGenerator.selectQuery (F:\Projects\Javascript\hotel_management\node_modules\sequelize\lib\dialects\abstract\query-generator.js:932:28)
    at MySQLQueryInterface.select (F:\Projects\Javascript\hotel_management\node_modules\sequelize\lib\dialects\abstract\query-interface.js:407:59)
    at Function.findAll (F:\Projects\Javascript\hotel_management\node_modules\sequelize\lib\model.js:1134:47)
    at runMicrotasks (<anonymous>)
    at processTicksAndRejections (internal/process/task_queues.js:93:5)
2022-12-15 14:31:43 [development] error: Error: WHERE parameter "userId" has invalid "undefined" value
    at MySQLQueryGenerator.whereItemQuery (F:\Projects\Javascript\hotel_management\node_modules\sequelize\lib\dialects\abstract\query-generator.js:1658:13)
    at F:\Projects\Javascript\hotel_management\node_modules\sequelize\lib\dialects\abstract\query-generator.js:1649:25
    at Array.forEach (<anonymous>)
    at MySQLQueryGenerator.whereItemsQuery (F:\Projects\Javascript\hotel_management\node_modules\sequelize\lib\dialects\abstract\query-generator.js:1647:35)
    at MySQLQueryGenerator.getWhereConditions (F:\Projects\Javascript\hotel_management\node_modules\sequelize\lib\dialects\abstract\query-generator.js:1990:19)
    at MySQLQueryGenerator.selectQuery (F:\Projects\Javascript\hotel_management\node_modules\sequelize\lib\dialects\abstract\query-generator.js:932:28)
    at MySQLQueryInterface.select (F:\Projects\Javascript\hotel_management\node_modules\sequelize\lib\dialects\abstract\query-interface.js:407:59)
    at Function.findAll (F:\Projects\Javascript\hotel_management\node_modules\sequelize\lib\model.js:1134:47)
    at processTicksAndRejections (internal/process/task_queues.js:93:5)
    at async Function.findOne (F:\Projects\Javascript\hotel_management\node_modules\sequelize\lib\model.js:1228:12)
2022-12-15 14:31:47 [development] error: Error: WHERE parameter "userId" has invalid "undefined" value
    at MySQLQueryGenerator.whereItemQuery (F:\Projects\Javascript\hotel_management\node_modules\sequelize\lib\dialects\abstract\query-generator.js:1658:13)
    at F:\Projects\Javascript\hotel_management\node_modules\sequelize\lib\dialects\abstract\query-generator.js:1649:25
    at Array.forEach (<anonymous>)
    at MySQLQueryGenerator.whereItemsQuery (F:\Projects\Javascript\hotel_management\node_modules\sequelize\lib\dialects\abstract\query-generator.js:1647:35)
    at MySQLQueryGenerator.getWhereConditions (F:\Projects\Javascript\hotel_management\node_modules\sequelize\lib\dialects\abstract\query-generator.js:1990:19)
    at MySQLQueryGenerator.selectQuery (F:\Projects\Javascript\hotel_management\node_modules\sequelize\lib\dialects\abstract\query-generator.js:932:28)
    at MySQLQueryInterface.select (F:\Projects\Javascript\hotel_management\node_modules\sequelize\lib\dialects\abstract\query-interface.js:407:59)
    at Function.findAll (F:\Projects\Javascript\hotel_management\node_modules\sequelize\lib\model.js:1134:47)
    at processTicksAndRejections (internal/process/task_queues.js:93:5)
    at async Function.findOne (F:\Projects\Javascript\hotel_management\node_modules\sequelize\lib\model.js:1228:12)
2022-12-15 14:32:27 [development] error: Error: WHERE parameter "userId" has invalid "undefined" value
    at MySQLQueryGenerator.whereItemQuery (F:\Projects\Javascript\hotel_management\node_modules\sequelize\lib\dialects\abstract\query-generator.js:1658:13)
    at F:\Projects\Javascript\hotel_management\node_modules\sequelize\lib\dialects\abstract\query-generator.js:1649:25
    at Array.forEach (<anonymous>)
    at MySQLQueryGenerator.whereItemsQuery (F:\Projects\Javascript\hotel_management\node_modules\sequelize\lib\dialects\abstract\query-generator.js:1647:35)
    at MySQLQueryGenerator.getWhereConditions (F:\Projects\Javascript\hotel_management\node_modules\sequelize\lib\dialects\abstract\query-generator.js:1990:19)
    at MySQLQueryGenerator.selectQuery (F:\Projects\Javascript\hotel_management\node_modules\sequelize\lib\dialects\abstract\query-generator.js:932:28)
    at MySQLQueryInterface.select (F:\Projects\Javascript\hotel_management\node_modules\sequelize\lib\dialects\abstract\query-interface.js:407:59)
    at Function.findAll (F:\Projects\Javascript\hotel_management\node_modules\sequelize\lib\model.js:1134:47)
    at processTicksAndRejections (internal/process/task_queues.js:93:5)
    at async Function.findOne (F:\Projects\Javascript\hotel_management\node_modules\sequelize\lib\model.js:1228:12)
2022-12-15 14:36:23 [development] error: Error: WHERE parameter "userId" has invalid "undefined" value
    at MySQLQueryGenerator.whereItemQuery (F:\Projects\Javascript\hotel_management\node_modules\sequelize\lib\dialects\abstract\query-generator.js:1658:13)
    at F:\Projects\Javascript\hotel_management\node_modules\sequelize\lib\dialects\abstract\query-generator.js:1649:25
    at Array.forEach (<anonymous>)
    at MySQLQueryGenerator.whereItemsQuery (F:\Projects\Javascript\hotel_management\node_modules\sequelize\lib\dialects\abstract\query-generator.js:1647:35)
    at MySQLQueryGenerator.getWhereConditions (F:\Projects\Javascript\hotel_management\node_modules\sequelize\lib\dialects\abstract\query-generator.js:1990:19)
    at MySQLQueryGenerator.selectQuery (F:\Projects\Javascript\hotel_management\node_modules\sequelize\lib\dialects\abstract\query-generator.js:932:28)
    at MySQLQueryInterface.select (F:\Projects\Javascript\hotel_management\node_modules\sequelize\lib\dialects\abstract\query-interface.js:407:59)
    at Function.findAll (F:\Projects\Javascript\hotel_management\node_modules\sequelize\lib\model.js:1134:47)
    at processTicksAndRejections (internal/process/task_queues.js:93:5)
    at async Function.findOne (F:\Projects\Javascript\hotel_management\node_modules\sequelize\lib\model.js:1228:12)
2022-12-15 14:37:41 [development] error: Error: WHERE parameter "userId" has invalid "undefined" value
    at MySQLQueryGenerator.whereItemQuery (F:\Projects\Javascript\hotel_management\node_modules\sequelize\lib\dialects\abstract\query-generator.js:1658:13)
    at F:\Projects\Javascript\hotel_management\node_modules\sequelize\lib\dialects\abstract\query-generator.js:1649:25
    at Array.forEach (<anonymous>)
    at MySQLQueryGenerator.whereItemsQuery (F:\Projects\Javascript\hotel_management\node_modules\sequelize\lib\dialects\abstract\query-generator.js:1647:35)
    at MySQLQueryGenerator.getWhereConditions (F:\Projects\Javascript\hotel_management\node_modules\sequelize\lib\dialects\abstract\query-generator.js:1990:19)
    at MySQLQueryGenerator.selectQuery (F:\Projects\Javascript\hotel_management\node_modules\sequelize\lib\dialects\abstract\query-generator.js:932:28)
    at MySQLQueryInterface.select (F:\Projects\Javascript\hotel_management\node_modules\sequelize\lib\dialects\abstract\query-interface.js:407:59)
    at Function.findAll (F:\Projects\Javascript\hotel_management\node_modules\sequelize\lib\model.js:1134:47)
    at processTicksAndRejections (internal/process/task_queues.js:93:5)
    at async Function.findOne (F:\Projects\Javascript\hotel_management\node_modules\sequelize\lib\model.js:1228:12)
2022-12-15 14:37:49 [development] error: Error: WHERE parameter "userId" has invalid "undefined" value
    at MySQLQueryGenerator.whereItemQuery (F:\Projects\Javascript\hotel_management\node_modules\sequelize\lib\dialects\abstract\query-generator.js:1658:13)
    at F:\Projects\Javascript\hotel_management\node_modules\sequelize\lib\dialects\abstract\query-generator.js:1649:25
    at Array.forEach (<anonymous>)
    at MySQLQueryGenerator.whereItemsQuery (F:\Projects\Javascript\hotel_management\node_modules\sequelize\lib\dialects\abstract\query-generator.js:1647:35)
    at MySQLQueryGenerator.getWhereConditions (F:\Projects\Javascript\hotel_management\node_modules\sequelize\lib\dialects\abstract\query-generator.js:1990:19)
    at MySQLQueryGenerator.selectQuery (F:\Projects\Javascript\hotel_management\node_modules\sequelize\lib\dialects\abstract\query-generator.js:932:28)
    at MySQLQueryInterface.select (F:\Projects\Javascript\hotel_management\node_modules\sequelize\lib\dialects\abstract\query-interface.js:407:59)
    at Function.findAll (F:\Projects\Javascript\hotel_management\node_modules\sequelize\lib\model.js:1134:47)
    at processTicksAndRejections (internal/process/task_queues.js:93:5)
    at async Function.findOne (F:\Projects\Javascript\hotel_management\node_modules\sequelize\lib\model.js:1228:12)
2022-12-15 14:37:51 [development] error: Error: WHERE parameter "userId" has invalid "undefined" value
    at MySQLQueryGenerator.whereItemQuery (F:\Projects\Javascript\hotel_management\node_modules\sequelize\lib\dialects\abstract\query-generator.js:1658:13)
    at F:\Projects\Javascript\hotel_management\node_modules\sequelize\lib\dialects\abstract\query-generator.js:1649:25
    at Array.forEach (<anonymous>)
    at MySQLQueryGenerator.whereItemsQuery (F:\Projects\Javascript\hotel_management\node_modules\sequelize\lib\dialects\abstract\query-generator.js:1647:35)
    at MySQLQueryGenerator.getWhereConditions (F:\Projects\Javascript\hotel_management\node_modules\sequelize\lib\dialects\abstract\query-generator.js:1990:19)
    at MySQLQueryGenerator.selectQuery (F:\Projects\Javascript\hotel_management\node_modules\sequelize\lib\dialects\abstract\query-generator.js:932:28)
    at MySQLQueryInterface.select (F:\Projects\Javascript\hotel_management\node_modules\sequelize\lib\dialects\abstract\query-interface.js:407:59)
    at Function.findAll (F:\Projects\Javascript\hotel_management\node_modules\sequelize\lib\model.js:1134:47)
    at processTicksAndRejections (internal/process/task_queues.js:93:5)
    at async Function.findOne (F:\Projects\Javascript\hotel_management\node_modules\sequelize\lib\model.js:1228:12)
2022-12-15 14:38:00 [development] error: Error: WHERE parameter "userId" has invalid "undefined" value
    at MySQLQueryGenerator.whereItemQuery (F:\Projects\Javascript\hotel_management\node_modules\sequelize\lib\dialects\abstract\query-generator.js:1658:13)
    at F:\Projects\Javascript\hotel_management\node_modules\sequelize\lib\dialects\abstract\query-generator.js:1649:25
    at Array.forEach (<anonymous>)
    at MySQLQueryGenerator.whereItemsQuery (F:\Projects\Javascript\hotel_management\node_modules\sequelize\lib\dialects\abstract\query-generator.js:1647:35)
    at MySQLQueryGenerator.getWhereConditions (F:\Projects\Javascript\hotel_management\node_modules\sequelize\lib\dialects\abstract\query-generator.js:1990:19)
    at MySQLQueryGenerator.selectQuery (F:\Projects\Javascript\hotel_management\node_modules\sequelize\lib\dialects\abstract\query-generator.js:932:28)
    at MySQLQueryInterface.select (F:\Projects\Javascript\hotel_management\node_modules\sequelize\lib\dialects\abstract\query-interface.js:407:59)
    at Function.findAll (F:\Projects\Javascript\hotel_management\node_modules\sequelize\lib\model.js:1134:47)
    at processTicksAndRejections (internal/process/task_queues.js:93:5)
    at async Function.findOne (F:\Projects\Javascript\hotel_management\node_modules\sequelize\lib\model.js:1228:12)
2022-12-15 14:38:03 [development] error: Error: WHERE parameter "userId" has invalid "undefined" value
    at MySQLQueryGenerator.whereItemQuery (F:\Projects\Javascript\hotel_management\node_modules\sequelize\lib\dialects\abstract\query-generator.js:1658:13)
    at F:\Projects\Javascript\hotel_management\node_modules\sequelize\lib\dialects\abstract\query-generator.js:1649:25
    at Array.forEach (<anonymous>)
    at MySQLQueryGenerator.whereItemsQuery (F:\Projects\Javascript\hotel_management\node_modules\sequelize\lib\dialects\abstract\query-generator.js:1647:35)
    at MySQLQueryGenerator.getWhereConditions (F:\Projects\Javascript\hotel_management\node_modules\sequelize\lib\dialects\abstract\query-generator.js:1990:19)
    at MySQLQueryGenerator.selectQuery (F:\Projects\Javascript\hotel_management\node_modules\sequelize\lib\dialects\abstract\query-generator.js:932:28)
    at MySQLQueryInterface.select (F:\Projects\Javascript\hotel_management\node_modules\sequelize\lib\dialects\abstract\query-interface.js:407:59)
    at Function.findAll (F:\Projects\Javascript\hotel_management\node_modules\sequelize\lib\model.js:1134:47)
    at runMicrotasks (<anonymous>)
    at processTicksAndRejections (internal/process/task_queues.js:93:5)
2022-12-15 14:39:46 [development] error: Error: WHERE parameter "userId" has invalid "undefined" value
    at MySQLQueryGenerator.whereItemQuery (F:\Projects\Javascript\hotel_management\node_modules\sequelize\lib\dialects\abstract\query-generator.js:1658:13)
    at F:\Projects\Javascript\hotel_management\node_modules\sequelize\lib\dialects\abstract\query-generator.js:1649:25
    at Array.forEach (<anonymous>)
    at MySQLQueryGenerator.whereItemsQuery (F:\Projects\Javascript\hotel_management\node_modules\sequelize\lib\dialects\abstract\query-generator.js:1647:35)
    at MySQLQueryGenerator.getWhereConditions (F:\Projects\Javascript\hotel_management\node_modules\sequelize\lib\dialects\abstract\query-generator.js:1990:19)
    at MySQLQueryGenerator.selectQuery (F:\Projects\Javascript\hotel_management\node_modules\sequelize\lib\dialects\abstract\query-generator.js:932:28)
    at MySQLQueryInterface.select (F:\Projects\Javascript\hotel_management\node_modules\sequelize\lib\dialects\abstract\query-interface.js:407:59)
    at Function.findAll (F:\Projects\Javascript\hotel_management\node_modules\sequelize\lib\model.js:1134:47)
    at runMicrotasks (<anonymous>)
    at processTicksAndRejections (internal/process/task_queues.js:93:5)
2022-12-15 14:39:49 [development] error: Error: WHERE parameter "userId" has invalid "undefined" value
    at MySQLQueryGenerator.whereItemQuery (F:\Projects\Javascript\hotel_management\node_modules\sequelize\lib\dialects\abstract\query-generator.js:1658:13)
    at F:\Projects\Javascript\hotel_management\node_modules\sequelize\lib\dialects\abstract\query-generator.js:1649:25
    at Array.forEach (<anonymous>)
    at MySQLQueryGenerator.whereItemsQuery (F:\Projects\Javascript\hotel_management\node_modules\sequelize\lib\dialects\abstract\query-generator.js:1647:35)
    at MySQLQueryGenerator.getWhereConditions (F:\Projects\Javascript\hotel_management\node_modules\sequelize\lib\dialects\abstract\query-generator.js:1990:19)
    at MySQLQueryGenerator.selectQuery (F:\Projects\Javascript\hotel_management\node_modules\sequelize\lib\dialects\abstract\query-generator.js:932:28)
    at MySQLQueryInterface.select (F:\Projects\Javascript\hotel_management\node_modules\sequelize\lib\dialects\abstract\query-interface.js:407:59)
    at Function.findAll (F:\Projects\Javascript\hotel_management\node_modules\sequelize\lib\model.js:1134:47)
    at runMicrotasks (<anonymous>)
    at processTicksAndRejections (internal/process/task_queues.js:93:5)
2022-12-15 14:39:53 [development] error: Error: WHERE parameter "userId" has invalid "undefined" value
    at MySQLQueryGenerator.whereItemQuery (F:\Projects\Javascript\hotel_management\node_modules\sequelize\lib\dialects\abstract\query-generator.js:1658:13)
    at F:\Projects\Javascript\hotel_management\node_modules\sequelize\lib\dialects\abstract\query-generator.js:1649:25
    at Array.forEach (<anonymous>)
    at MySQLQueryGenerator.whereItemsQuery (F:\Projects\Javascript\hotel_management\node_modules\sequelize\lib\dialects\abstract\query-generator.js:1647:35)
    at MySQLQueryGenerator.getWhereConditions (F:\Projects\Javascript\hotel_management\node_modules\sequelize\lib\dialects\abstract\query-generator.js:1990:19)
    at MySQLQueryGenerator.selectQuery (F:\Projects\Javascript\hotel_management\node_modules\sequelize\lib\dialects\abstract\query-generator.js:932:28)
    at MySQLQueryInterface.select (F:\Projects\Javascript\hotel_management\node_modules\sequelize\lib\dialects\abstract\query-interface.js:407:59)
    at Function.findAll (F:\Projects\Javascript\hotel_management\node_modules\sequelize\lib\model.js:1134:47)
    at runMicrotasks (<anonymous>)
    at processTicksAndRejections (internal/process/task_queues.js:93:5)
2022-12-15 14:44:02 [development] error: Error: WHERE parameter "userId" has invalid "undefined" value
    at MySQLQueryGenerator.whereItemQuery (F:\Projects\Javascript\hotel_management\node_modules\sequelize\lib\dialects\abstract\query-generator.js:1658:13)
    at F:\Projects\Javascript\hotel_management\node_modules\sequelize\lib\dialects\abstract\query-generator.js:1649:25
    at Array.forEach (<anonymous>)
    at MySQLQueryGenerator.whereItemsQuery (F:\Projects\Javascript\hotel_management\node_modules\sequelize\lib\dialects\abstract\query-generator.js:1647:35)
    at MySQLQueryGenerator.getWhereConditions (F:\Projects\Javascript\hotel_management\node_modules\sequelize\lib\dialects\abstract\query-generator.js:1990:19)
    at MySQLQueryGenerator.selectQuery (F:\Projects\Javascript\hotel_management\node_modules\sequelize\lib\dialects\abstract\query-generator.js:932:28)
    at MySQLQueryInterface.select (F:\Projects\Javascript\hotel_management\node_modules\sequelize\lib\dialects\abstract\query-interface.js:407:59)
    at Function.findAll (F:\Projects\Javascript\hotel_management\node_modules\sequelize\lib\model.js:1134:47)
    at processTicksAndRejections (internal/process/task_queues.js:93:5)
    at async Function.findOne (F:\Projects\Javascript\hotel_management\node_modules\sequelize\lib\model.js:1228:12)
2022-12-15 14:44:02 [development] error: Error: WHERE parameter "userId" has invalid "undefined" value
    at MySQLQueryGenerator.whereItemQuery (F:\Projects\Javascript\hotel_management\node_modules\sequelize\lib\dialects\abstract\query-generator.js:1658:13)
    at F:\Projects\Javascript\hotel_management\node_modules\sequelize\lib\dialects\abstract\query-generator.js:1649:25
    at Array.forEach (<anonymous>)
    at MySQLQueryGenerator.whereItemsQuery (F:\Projects\Javascript\hotel_management\node_modules\sequelize\lib\dialects\abstract\query-generator.js:1647:35)
    at MySQLQueryGenerator.getWhereConditions (F:\Projects\Javascript\hotel_management\node_modules\sequelize\lib\dialects\abstract\query-generator.js:1990:19)
    at MySQLQueryGenerator.selectQuery (F:\Projects\Javascript\hotel_management\node_modules\sequelize\lib\dialects\abstract\query-generator.js:932:28)
    at MySQLQueryInterface.select (F:\Projects\Javascript\hotel_management\node_modules\sequelize\lib\dialects\abstract\query-interface.js:407:59)
    at Function.findAll (F:\Projects\Javascript\hotel_management\node_modules\sequelize\lib\model.js:1134:47)
    at processTicksAndRejections (internal/process/task_queues.js:93:5)
    at async Function.findOne (F:\Projects\Javascript\hotel_management\node_modules\sequelize\lib\model.js:1228:12)
