2022-12-07 12:24:32 [development] error: Error: WHERE parameter "userId" has invalid "undefined" value
    at MySQLQueryGenerator.whereItemQuery (F:\Projects\Javascript\hotel_management\node_modules\sequelize\lib\dialects\abstract\query-generator.js:1658:13)
    at F:\Projects\Javascript\hotel_management\node_modules\sequelize\lib\dialects\abstract\query-generator.js:1649:25
    at Array.forEach (<anonymous>)
    at MySQLQueryGenerator.whereItemsQuery (F:\Projects\Javascript\hotel_management\node_modules\sequelize\lib\dialects\abstract\query-generator.js:1647:35)
    at MySQLQueryGenerator.getWhereConditions (F:\Projects\Javascript\hotel_management\node_modules\sequelize\lib\dialects\abstract\query-generator.js:1990:19)
    at MySQLQueryGenerator.selectQuery (F:\Projects\Javascript\hotel_management\node_modules\sequelize\lib\dialects\abstract\query-generator.js:932:28)
    at MySQLQueryInterface.select (F:\Projects\Javascript\hotel_management\node_modules\sequelize\lib\dialects\abstract\query-interface.js:407:59)
    at Function.findAll (F:\Projects\Javascript\hotel_management\node_modules\sequelize\lib\model.js:1134:47)
    at processTicksAndRejections (internal/process/task_queues.js:93:5)
    at async Function.findOne (F:\Projects\Javascript\hotel_management\node_modules\sequelize\lib\model.js:1228:12)
2022-12-07 12:25:04 [development] error: Error: WHERE parameter "userId" has invalid "undefined" value
    at MySQLQueryGenerator.whereItemQuery (F:\Projects\Javascript\hotel_management\node_modules\sequelize\lib\dialects\abstract\query-generator.js:1658:13)
    at F:\Projects\Javascript\hotel_management\node_modules\sequelize\lib\dialects\abstract\query-generator.js:1649:25
    at Array.forEach (<anonymous>)
    at MySQLQueryGenerator.whereItemsQuery (F:\Projects\Javascript\hotel_management\node_modules\sequelize\lib\dialects\abstract\query-generator.js:1647:35)
    at MySQLQueryGenerator.getWhereConditions (F:\Projects\Javascript\hotel_management\node_modules\sequelize\lib\dialects\abstract\query-generator.js:1990:19)
    at MySQLQueryGenerator.selectQuery (F:\Projects\Javascript\hotel_management\node_modules\sequelize\lib\dialects\abstract\query-generator.js:932:28)
    at MySQLQueryInterface.select (F:\Projects\Javascript\hotel_management\node_modules\sequelize\lib\dialects\abstract\query-interface.js:407:59)
    at Function.findAll (F:\Projects\Javascript\hotel_management\node_modules\sequelize\lib\model.js:1134:47)
    at processTicksAndRejections (internal/process/task_queues.js:93:5)
    at async Function.findOne (F:\Projects\Javascript\hotel_management\node_modules\sequelize\lib\model.js:1228:12)
2022-12-07 12:27:24 [development] error: Error: WHERE parameter "userId" has invalid "undefined" value
    at MySQLQueryGenerator.whereItemQuery (F:\Projects\Javascript\hotel_management\node_modules\sequelize\lib\dialects\abstract\query-generator.js:1658:13)
    at F:\Projects\Javascript\hotel_management\node_modules\sequelize\lib\dialects\abstract\query-generator.js:1649:25
    at Array.forEach (<anonymous>)
    at MySQLQueryGenerator.whereItemsQuery (F:\Projects\Javascript\hotel_management\node_modules\sequelize\lib\dialects\abstract\query-generator.js:1647:35)
    at MySQLQueryGenerator.getWhereConditions (F:\Projects\Javascript\hotel_management\node_modules\sequelize\lib\dialects\abstract\query-generator.js:1990:19)
    at MySQLQueryGenerator.selectQuery (F:\Projects\Javascript\hotel_management\node_modules\sequelize\lib\dialects\abstract\query-generator.js:932:28)
    at MySQLQueryInterface.select (F:\Projects\Javascript\hotel_management\node_modules\sequelize\lib\dialects\abstract\query-interface.js:407:59)
    at Function.findAll (F:\Projects\Javascript\hotel_management\node_modules\sequelize\lib\model.js:1134:47)
    at processTicksAndRejections (internal/process/task_queues.js:93:5)
    at async Function.findOne (F:\Projects\Javascript\hotel_management\node_modules\sequelize\lib\model.js:1228:12)
2022-12-07 12:28:14 [development] error: Error: WHERE parameter "userId" has invalid "undefined" value
    at MySQLQueryGenerator.whereItemQuery (F:\Projects\Javascript\hotel_management\node_modules\sequelize\lib\dialects\abstract\query-generator.js:1658:13)
    at F:\Projects\Javascript\hotel_management\node_modules\sequelize\lib\dialects\abstract\query-generator.js:1649:25
    at Array.forEach (<anonymous>)
    at MySQLQueryGenerator.whereItemsQuery (F:\Projects\Javascript\hotel_management\node_modules\sequelize\lib\dialects\abstract\query-generator.js:1647:35)
    at MySQLQueryGenerator.getWhereConditions (F:\Projects\Javascript\hotel_management\node_modules\sequelize\lib\dialects\abstract\query-generator.js:1990:19)
    at MySQLQueryGenerator.selectQuery (F:\Projects\Javascript\hotel_management\node_modules\sequelize\lib\dialects\abstract\query-generator.js:932:28)
    at MySQLQueryInterface.select (F:\Projects\Javascript\hotel_management\node_modules\sequelize\lib\dialects\abstract\query-interface.js:407:59)
    at Function.findAll (F:\Projects\Javascript\hotel_management\node_modules\sequelize\lib\model.js:1134:47)
    at processTicksAndRejections (internal/process/task_queues.js:93:5)
    at async Function.findOne (F:\Projects\Javascript\hotel_management\node_modules\sequelize\lib\model.js:1228:12)
2022-12-07 12:30:22 [development] error: Error: WHERE parameter "userId" has invalid "undefined" value
    at MySQLQueryGenerator.whereItemQuery (F:\Projects\Javascript\hotel_management\node_modules\sequelize\lib\dialects\abstract\query-generator.js:1658:13)
    at F:\Projects\Javascript\hotel_management\node_modules\sequelize\lib\dialects\abstract\query-generator.js:1649:25
    at Array.forEach (<anonymous>)
    at MySQLQueryGenerator.whereItemsQuery (F:\Projects\Javascript\hotel_management\node_modules\sequelize\lib\dialects\abstract\query-generator.js:1647:35)
    at MySQLQueryGenerator.getWhereConditions (F:\Projects\Javascript\hotel_management\node_modules\sequelize\lib\dialects\abstract\query-generator.js:1990:19)
    at MySQLQueryGenerator.selectQuery (F:\Projects\Javascript\hotel_management\node_modules\sequelize\lib\dialects\abstract\query-generator.js:932:28)
    at MySQLQueryInterface.select (F:\Projects\Javascript\hotel_management\node_modules\sequelize\lib\dialects\abstract\query-interface.js:407:59)
    at Function.findAll (F:\Projects\Javascript\hotel_management\node_modules\sequelize\lib\model.js:1134:47)
    at processTicksAndRejections (internal/process/task_queues.js:93:5)
    at async Function.findOne (F:\Projects\Javascript\hotel_management\node_modules\sequelize\lib\model.js:1228:12)
2022-12-07 14:14:00 [development] error: Error: WHERE parameter "userId" has invalid "undefined" value
    at MySQLQueryGenerator.whereItemQuery (F:\Projects\Javascript\hotel_management\node_modules\sequelize\lib\dialects\abstract\query-generator.js:1658:13)
    at F:\Projects\Javascript\hotel_management\node_modules\sequelize\lib\dialects\abstract\query-generator.js:1649:25
    at Array.forEach (<anonymous>)
    at MySQLQueryGenerator.whereItemsQuery (F:\Projects\Javascript\hotel_management\node_modules\sequelize\lib\dialects\abstract\query-generator.js:1647:35)
    at MySQLQueryGenerator.getWhereConditions (F:\Projects\Javascript\hotel_management\node_modules\sequelize\lib\dialects\abstract\query-generator.js:1990:19)
    at MySQLQueryGenerator.selectQuery (F:\Projects\Javascript\hotel_management\node_modules\sequelize\lib\dialects\abstract\query-generator.js:932:28)
    at MySQLQueryInterface.select (F:\Projects\Javascript\hotel_management\node_modules\sequelize\lib\dialects\abstract\query-interface.js:407:59)
    at Function.findAll (F:\Projects\Javascript\hotel_management\node_modules\sequelize\lib\model.js:1134:47)
    at runMicrotasks (<anonymous>)
    at processTicksAndRejections (internal/process/task_queues.js:93:5)
2022-12-07 14:14:37 [development] error: Error: WHERE parameter "userId" has invalid "undefined" value
    at MySQLQueryGenerator.whereItemQuery (F:\Projects\Javascript\hotel_management\node_modules\sequelize\lib\dialects\abstract\query-generator.js:1658:13)
    at F:\Projects\Javascript\hotel_management\node_modules\sequelize\lib\dialects\abstract\query-generator.js:1649:25
    at Array.forEach (<anonymous>)
    at MySQLQueryGenerator.whereItemsQuery (F:\Projects\Javascript\hotel_management\node_modules\sequelize\lib\dialects\abstract\query-generator.js:1647:35)
    at MySQLQueryGenerator.getWhereConditions (F:\Projects\Javascript\hotel_management\node_modules\sequelize\lib\dialects\abstract\query-generator.js:1990:19)
    at MySQLQueryGenerator.selectQuery (F:\Projects\Javascript\hotel_management\node_modules\sequelize\lib\dialects\abstract\query-generator.js:932:28)
    at MySQLQueryInterface.select (F:\Projects\Javascript\hotel_management\node_modules\sequelize\lib\dialects\abstract\query-interface.js:407:59)
    at Function.findAll (F:\Projects\Javascript\hotel_management\node_modules\sequelize\lib\model.js:1134:47)
    at runMicrotasks (<anonymous>)
    at processTicksAndRejections (internal/process/task_queues.js:93:5)
2022-12-07 14:15:50 [development] error: ReferenceError: userId is not defined
    at handler (webpack-internal:///(api)/./pages/api/user/[id].js:19:25)
    at Object.apiResolver (F:\Projects\Javascript\hotel_management\node_modules\next\dist\server\api-utils\node.js:179:15)
    at runMicrotasks (<anonymous>)
    at processTicksAndRejections (internal/process/task_queues.js:93:5)
    at async DevServer.runApi (F:\Projects\Javascript\hotel_management\node_modules\next\dist\server\next-server.js:381:9)
    at async Object.fn (F:\Projects\Javascript\hotel_management\node_modules\next\dist\server\base-server.js:500:37)
    at async Router.execute (F:\Projects\Javascript\hotel_management\node_modules\next\dist\server\router.js:213:36)
    at async DevServer.run (F:\Projects\Javascript\hotel_management\node_modules\next\dist\server\base-server.js:619:29)
    at async DevServer.run (F:\Projects\Javascript\hotel_management\node_modules\next\dist\server\dev\next-dev-server.js:536:20)
    at async DevServer.handleRequest (F:\Projects\Javascript\hotel_management\node_modules\next\dist\server\base-server.js:320:20)
2022-12-07 14:15:56 [development] error: Error: WHERE parameter "userId" has invalid "undefined" value
    at MySQLQueryGenerator.whereItemQuery (F:\Projects\Javascript\hotel_management\node_modules\sequelize\lib\dialects\abstract\query-generator.js:1658:13)
    at F:\Projects\Javascript\hotel_management\node_modules\sequelize\lib\dialects\abstract\query-generator.js:1649:25
    at Array.forEach (<anonymous>)
    at MySQLQueryGenerator.whereItemsQuery (F:\Projects\Javascript\hotel_management\node_modules\sequelize\lib\dialects\abstract\query-generator.js:1647:35)
    at MySQLQueryGenerator.getWhereConditions (F:\Projects\Javascript\hotel_management\node_modules\sequelize\lib\dialects\abstract\query-generator.js:1990:19)
    at MySQLQueryGenerator.selectQuery (F:\Projects\Javascript\hotel_management\node_modules\sequelize\lib\dialects\abstract\query-generator.js:932:28)
    at MySQLQueryInterface.select (F:\Projects\Javascript\hotel_management\node_modules\sequelize\lib\dialects\abstract\query-interface.js:407:59)
    at Function.findAll (F:\Projects\Javascript\hotel_management\node_modules\sequelize\lib\model.js:1134:47)
    at runMicrotasks (<anonymous>)
    at processTicksAndRejections (internal/process/task_queues.js:93:5)
2022-12-07 17:56:20 [development] error: SequelizeEagerLoadingError: Category is not associated to Allsetup!
    at Function._getIncludedAssociation (F:\Projects\Javascript\hotel_management\node_modules\sequelize\lib\model.js:565:13)
    at Function._validateIncludedElement (F:\Projects\Javascript\hotel_management\node_modules\sequelize\lib\model.js:502:53)
    at F:\Projects\Javascript\hotel_management\node_modules\sequelize\lib\model.js:421:37
    at Array.map (<anonymous>)
    at Function._validateIncludedElements (F:\Projects\Javascript\hotel_management\node_modules\sequelize\lib\model.js:417:39)
    at Function.findAll (F:\Projects\Javascript\hotel_management\node_modules\sequelize\lib\model.js:1118:12)
    at runMicrotasks (<anonymous>)
    at processTicksAndRejections (internal/process/task_queues.js:93:5)
    at async handler (webpack-internal:///(api)/./pages/api/setup/index.js:16:26)
    at async Object.apiResolver (F:\Projects\Javascript\hotel_management\node_modules\next\dist\server\api-utils\node.js:179:9)
2022-12-07 17:59:49 [development] error: SequelizeEagerLoadingError: Category is not associated to Allsetup!
    at Function._getIncludedAssociation (F:\Projects\Javascript\hotel_management\node_modules\sequelize\lib\model.js:565:13)
    at Function._validateIncludedElement (F:\Projects\Javascript\hotel_management\node_modules\sequelize\lib\model.js:502:53)
    at F:\Projects\Javascript\hotel_management\node_modules\sequelize\lib\model.js:421:37
    at Array.map (<anonymous>)
    at Function._validateIncludedElements (F:\Projects\Javascript\hotel_management\node_modules\sequelize\lib\model.js:417:39)
    at Function.findAll (F:\Projects\Javascript\hotel_management\node_modules\sequelize\lib\model.js:1118:12)
    at processTicksAndRejections (internal/process/task_queues.js:93:5)
    at async handler (webpack-internal:///(api)/./pages/api/setup/index.js:16:26)
    at async Object.apiResolver (F:\Projects\Javascript\hotel_management\node_modules\next\dist\server\api-utils\node.js:179:9)
    at async DevServer.runApi (F:\Projects\Javascript\hotel_management\node_modules\next\dist\server\next-server.js:381:9)
2022-12-07 18:00:11 [development] error: SequelizeEagerLoadingError: Category is not associated to Allsetup!
    at Function._getIncludedAssociation (F:\Projects\Javascript\hotel_management\node_modules\sequelize\lib\model.js:565:13)
    at Function._validateIncludedElement (F:\Projects\Javascript\hotel_management\node_modules\sequelize\lib\model.js:502:53)
    at F:\Projects\Javascript\hotel_management\node_modules\sequelize\lib\model.js:421:37
    at Array.map (<anonymous>)
    at Function._validateIncludedElements (F:\Projects\Javascript\hotel_management\node_modules\sequelize\lib\model.js:417:39)
    at Function.findAll (F:\Projects\Javascript\hotel_management\node_modules\sequelize\lib\model.js:1118:12)
    at processTicksAndRejections (internal/process/task_queues.js:93:5)
    at async handler (webpack-internal:///(api)/./pages/api/setup/index.js:16:26)
    at async Object.apiResolver (F:\Projects\Javascript\hotel_management\node_modules\next\dist\server\api-utils\node.js:179:9)
    at async DevServer.runApi (F:\Projects\Javascript\hotel_management\node_modules\next\dist\server\next-server.js:381:9)
